<?xml version="1.0" encoding="UTF-8"?>
<testsuite xmlns:xsi="http://www.w3.org/2001/XMLSchema-instance" xsi:noNamespaceSchemaLocation="https://maven.apache.org/surefire/maven-surefire-plugin/xsd/surefire-test-report-3.0.xsd" version="3.0" name="UsersTest" time="7.328" tests="4" errors="0" skipped="0" failures="0">
  <properties>
[...]
</properties>
  <testcase name="[1:6] Obtener usuarios" classname="users" time="2.854">
    <system-out><![CDATA[03:46:14.032 [main] DEBUG com.intuit.karate.Suite - [config] classpath:karate-config.js
03:46:15.795 [main] DEBUG com.jayway.jsonpath.internal.path.CompiledPath - Evaluating path: $
03:46:16.371 [main] DEBUG org.apache.http.client.protocol.RequestAddCookies - CookieSpec selected: karate
03:46:16.380 [main] DEBUG org.apache.http.client.protocol.RequestAuthCache - Auth cache not set in the context
03:46:16.382 [main] DEBUG com.intuit.karate - request:
1 > GET https://jsonplaceholder.typicode.com/users?_page=2&_limit=6
1 > User-Agent: Mozilla/5.0 (Windows NT 10.0; Win64; x64) AppleWebKit/537.36
1 > Host: jsonplaceholder.typicode.com
1 > Connection: Keep-Alive
1 > Accept-Encoding: gzip,deflate


03:46:16.383 [main] DEBUG org.apache.http.impl.conn.PoolingHttpClientConnectionManager - Connection request: [route: {s}->https://jsonplaceholder.typicode.com:443][total available: 0; route allocated: 0 of 5; total allocated: 0 of 10]
03:46:16.398 [main] DEBUG org.apache.http.impl.conn.PoolingHttpClientConnectionManager - Connection leased: [id: 0][route: {s}->https://jsonplaceholder.typicode.com:443][total available: 0; route allocated: 1 of 5; total allocated: 1 of 10]
03:46:16.399 [main] DEBUG org.apache.http.impl.execchain.MainClientExec - Opening connection {s}->https://jsonplaceholder.typicode.com:443
03:46:16.414 [main] DEBUG org.apache.http.impl.conn.DefaultHttpClientConnectionOperator - Connecting to jsonplaceholder.typicode.com/172.67.167.151:443
03:46:16.414 [main] DEBUG org.apache.http.conn.ssl.SSLConnectionSocketFactory - Connecting socket to jsonplaceholder.typicode.com/172.67.167.151:443 with timeout 5000
03:46:16.546 [main] DEBUG org.apache.http.conn.ssl.SSLConnectionSocketFactory - Enabled protocols: [TLSv1.3, TLSv1.2]
03:46:16.546 [main] DEBUG org.apache.http.conn.ssl.SSLConnectionSocketFactory - Enabled cipher suites:[TLS_AES_256_GCM_SHA384, TLS_AES_128_GCM_SHA256, TLS_CHACHA20_POLY1305_SHA256, TLS_ECDHE_ECDSA_WITH_AES_256_GCM_SHA384, TLS_ECDHE_ECDSA_WITH_AES_128_GCM_SHA256, TLS_ECDHE_ECDSA_WITH_CHACHA20_POLY1305_SHA256, TLS_ECDHE_RSA_WITH_AES_256_GCM_SHA384, TLS_ECDHE_RSA_WITH_CHACHA20_POLY1305_SHA256, TLS_ECDHE_RSA_WITH_AES_128_GCM_SHA256, TLS_DHE_RSA_WITH_AES_256_GCM_SHA384, TLS_DHE_RSA_WITH_CHACHA20_POLY1305_SHA256, TLS_DHE_DSS_WITH_AES_256_GCM_SHA384, TLS_DHE_RSA_WITH_AES_128_GCM_SHA256, TLS_DHE_DSS_WITH_AES_128_GCM_SHA256, TLS_ECDHE_ECDSA_WITH_AES_256_CBC_SHA384, TLS_ECDHE_RSA_WITH_AES_256_CBC_SHA384, TLS_ECDHE_ECDSA_WITH_AES_128_CBC_SHA256, TLS_ECDHE_RSA_WITH_AES_128_CBC_SHA256, TLS_DHE_RSA_WITH_AES_256_CBC_SHA256, TLS_DHE_DSS_WITH_AES_256_CBC_SHA256, TLS_DHE_RSA_WITH_AES_128_CBC_SHA256, TLS_DHE_DSS_WITH_AES_128_CBC_SHA256, TLS_ECDHE_ECDSA_WITH_AES_256_CBC_SHA, TLS_ECDHE_RSA_WITH_AES_256_CBC_SHA, TLS_ECDHE_ECDSA_WITH_AES_128_CBC_SHA, TLS_ECDHE_RSA_WITH_AES_128_CBC_SHA, TLS_DHE_RSA_WITH_AES_256_CBC_SHA, TLS_DHE_DSS_WITH_AES_256_CBC_SHA, TLS_DHE_RSA_WITH_AES_128_CBC_SHA, TLS_DHE_DSS_WITH_AES_128_CBC_SHA, TLS_EMPTY_RENEGOTIATION_INFO_SCSV]
03:46:16.546 [main] DEBUG org.apache.http.conn.ssl.SSLConnectionSocketFactory - Starting handshake
03:46:16.818 [main] DEBUG org.apache.http.conn.ssl.SSLConnectionSocketFactory - Secure session established
03:46:16.818 [main] DEBUG org.apache.http.conn.ssl.SSLConnectionSocketFactory -  negotiated protocol: TLSv1.3
03:46:16.818 [main] DEBUG org.apache.http.conn.ssl.SSLConnectionSocketFactory -  negotiated cipher suite: TLS_AES_256_GCM_SHA384
03:46:16.818 [main] DEBUG org.apache.http.conn.ssl.SSLConnectionSocketFactory -  peer principal: CN=typicode.com
03:46:16.818 [main] DEBUG org.apache.http.conn.ssl.SSLConnectionSocketFactory -  peer alternative names: [typicode.com, *.typicode.com]
03:46:16.818 [main] DEBUG org.apache.http.conn.ssl.SSLConnectionSocketFactory -  issuer principal: CN=WE1, O=Google Trust Services, C=US
03:46:16.822 [main] DEBUG org.apache.http.impl.conn.DefaultHttpClientConnectionOperator - Connection established 192.168.1.17:56786<->172.67.167.151:443
03:46:16.823 [main] DEBUG org.apache.http.impl.conn.DefaultManagedHttpClientConnection - http-outgoing-0: set socket timeout to 5000
03:46:16.823 [main] DEBUG org.apache.http.impl.execchain.MainClientExec - Executing request GET /users?_page=2&_limit=6 HTTP/1.1
03:46:16.823 [main] DEBUG org.apache.http.impl.execchain.MainClientExec - Target auth state: UNCHALLENGED
03:46:16.823 [main] DEBUG org.apache.http.impl.execchain.MainClientExec - Proxy auth state: UNCHALLENGED
03:46:16.825 [main] DEBUG org.apache.http.headers - http-outgoing-0 >> GET /users?_page=2&_limit=6 HTTP/1.1
03:46:16.825 [main] DEBUG org.apache.http.headers - http-outgoing-0 >> User-Agent: Mozilla/5.0 (Windows NT 10.0; Win64; x64) AppleWebKit/537.36
03:46:16.825 [main] DEBUG org.apache.http.headers - http-outgoing-0 >> Host: jsonplaceholder.typicode.com
03:46:16.825 [main] DEBUG org.apache.http.headers - http-outgoing-0 >> Connection: Keep-Alive
03:46:16.825 [main] DEBUG org.apache.http.headers - http-outgoing-0 >> Accept-Encoding: gzip,deflate
03:46:16.827 [main] DEBUG org.apache.http.wire - http-outgoing-0 >> "GET /users?_page=2&_limit=6 HTTP/1.1[\r][\n]"
03:46:16.827 [main] DEBUG org.apache.http.wire - http-outgoing-0 >> "User-Agent: Mozilla/5.0 (Windows NT 10.0; Win64; x64) AppleWebKit/537.36[\r][\n]"
03:46:16.827 [main] DEBUG org.apache.http.wire - http-outgoing-0 >> "Host: jsonplaceholder.typicode.com[\r][\n]"
03:46:16.827 [main] DEBUG org.apache.http.wire - http-outgoing-0 >> "Connection: Keep-Alive[\r][\n]"
03:46:16.827 [main] DEBUG org.apache.http.wire - http-outgoing-0 >> "Accept-Encoding: gzip,deflate[\r][\n]"
03:46:16.827 [main] DEBUG org.apache.http.wire - http-outgoing-0 >> "[\r][\n]"
03:46:16.910 [main] DEBUG org.apache.http.wire - http-outgoing-0 << "HTTP/1.1 200 OK[\r][\n]"
03:46:16.910 [main] DEBUG org.apache.http.wire - http-outgoing-0 << "Date: Sun, 29 Mar 2026 08:47:00 GMT[\r][\n]"
03:46:16.910 [main] DEBUG org.apache.http.wire - http-outgoing-0 << "Content-Type: application/json; charset=utf-8[\r][\n]"
03:46:16.910 [main] DEBUG org.apache.http.wire - http-outgoing-0 << "Transfer-Encoding: chunked[\r][\n]"
03:46:16.910 [main] DEBUG org.apache.http.wire - http-outgoing-0 << "Connection: keep-alive[\r][\n]"
03:46:16.910 [main] DEBUG org.apache.http.wire - http-outgoing-0 << "access-control-allow-credentials: true[\r][\n]"
03:46:16.910 [main] DEBUG org.apache.http.wire - http-outgoing-0 << "access-control-expose-headers: X-Total-Count, Link[\r][\n]"
03:46:16.911 [main] DEBUG org.apache.http.wire - http-outgoing-0 << "Cache-Control: max-age=43200[\r][\n]"
03:46:16.911 [main] DEBUG org.apache.http.wire - http-outgoing-0 << "Content-Encoding: gzip[\r][\n]"
03:46:16.911 [main] DEBUG org.apache.http.wire - http-outgoing-0 << "etag: W/"8c9-H06pOGeRMrsI05RoHsJl0umiyRY"[\r][\n]"
03:46:16.911 [main] DEBUG org.apache.http.wire - http-outgoing-0 << "expires: -1[\r][\n]"
03:46:16.911 [main] DEBUG org.apache.http.wire - http-outgoing-0 << "link: <https://jsonplaceholder.typicode.com/users?_page=1&_limit=6>; rel="first", <https://jsonplaceholder.typicode.com/users?_page=1&_limit=6>; rel="prev", <https://jsonplaceholder.typicode.com/users?_page=2&_limit=6>; rel="last"[\r][\n]"
03:46:16.911 [main] DEBUG org.apache.http.wire - http-outgoing-0 << "nel: {"report_to":"heroku-nel","response_headers":["Via"],"max_age":3600,"success_fraction":0.01,"failure_fraction":0.1}[\r][\n]"
03:46:16.911 [main] DEBUG org.apache.http.wire - http-outgoing-0 << "pragma: no-cache[\r][\n]"
03:46:16.911 [main] DEBUG org.apache.http.wire - http-outgoing-0 << "report-to: {"group":"heroku-nel","endpoints":[{"url":"https://nel.heroku.com/reports?s=BVgypVZN9cPlKBP3t%2FXGzwQA5rM17OWsYfMfG9YAxZw%3D\u0026sid=e11707d5-02a7-43ef-b45e-2cf4d2036f7d\u0026ts=1774771211"}],"max_age":3600}[\r][\n]"
03:46:16.911 [main] DEBUG org.apache.http.wire - http-outgoing-0 << "reporting-endpoints: heroku-nel="https://nel.heroku.com/reports?s=BVgypVZN9cPlKBP3t%2FXGzwQA5rM17OWsYfMfG9YAxZw%3D&sid=e11707d5-02a7-43ef-b45e-2cf4d2036f7d&ts=1774771211"[\r][\n]"
03:46:16.911 [main] DEBUG org.apache.http.wire - http-outgoing-0 << "Server: cloudflare[\r][\n]"
03:46:16.911 [main] DEBUG org.apache.http.wire - http-outgoing-0 << "vary: Origin, Accept-Encoding[\r][\n]"
03:46:16.911 [main] DEBUG org.apache.http.wire - http-outgoing-0 << "via: 2.0 heroku-router[\r][\n]"
03:46:16.911 [main] DEBUG org.apache.http.wire - http-outgoing-0 << "x-content-type-options: nosniff[\r][\n]"
03:46:16.911 [main] DEBUG org.apache.http.wire - http-outgoing-0 << "x-powered-by: Express[\r][\n]"
03:46:16.911 [main] DEBUG org.apache.http.wire - http-outgoing-0 << "x-ratelimit-limit: 1000[\r][\n]"
03:46:16.911 [main] DEBUG org.apache.http.wire - http-outgoing-0 << "x-ratelimit-remaining: 995[\r][\n]"
03:46:16.912 [main] DEBUG org.apache.http.wire - http-outgoing-0 << "x-ratelimit-reset: 1774771226[\r][\n]"
03:46:16.912 [main] DEBUG org.apache.http.wire - http-outgoing-0 << "x-total-count: 10[\r][\n]"
03:46:16.912 [main] DEBUG org.apache.http.wire - http-outgoing-0 << "Age: 2809[\r][\n]"
03:46:16.912 [main] DEBUG org.apache.http.wire - http-outgoing-0 << "cf-c"
03:46:16.914 [main] DEBUG org.apache.http.wire - http-outgoing-0 << "ache-status: HIT[\r][\n]"
03:46:16.914 [main] DEBUG org.apache.http.wire - http-outgoing-0 << "Server-Timing: cfCacheStatus;desc="HIT"[\r][\n]"
03:46:16.914 [main] DEBUG org.apache.http.wire - http-outgoing-0 << "Server-Timing: cfEdge;dur=7,cfOrigin;dur=0[\r][\n]"
03:46:16.914 [main] DEBUG org.apache.http.wire - http-outgoing-0 << "CF-RAY: 9e3d9b7d4efaf498-MIA[\r][\n]"
03:46:16.914 [main] DEBUG org.apache.http.wire - http-outgoing-0 << "alt-svc: h3=":443"; ma=86400[\r][\n]"
03:46:16.914 [main] DEBUG org.apache.http.wire - http-outgoing-0 << "[\r][\n]"
03:46:16.914 [main] DEBUG org.apache.http.wire - http-outgoing-0 << "35b[\r][\n]"
03:46:16.914 [main] DEBUG org.apache.http.wire - http-outgoing-0 << "[0x1f][0x8b][0x8][0x0][0x0][0x0][0x0][0x0][0x0][0x3][0x8d][0x95]]o[0x9c]8[0x14][0x86][0xef][0xfb]+[0xac][0xb9][0xda][0x95][\n]"
03:46:16.914 [main] DEBUG org.apache.http.wire - http-outgoing-0 << "[0xe2]k[0xf8][0xd8][0xab][0xb4]I[0xd5]n[0x9b]VQ&[0xea]j[0xb5]ZU[0x7]8[0x1]w[0x8c]Mm[0xd3][0x19]R[0xf5][0xbf][0xf7][0xc0]d[0x9a]Q[0x86]I[0xb8]@`[0xde]c[0xe3]s[0xfc][0xf0][0x9e][0xff]^0[0xf6][0x83].[0xc6][0x16][0xbc]\[0xfc][0xc5][0x92][0x97][0xbb][0x81][0x84][0x6]i[0xb8][0xf8][0xd0]i[0xcb][\r][0xfb][0x7][0xb9]1[0x12][0xec][0xe2]^[0xee][0xc][0xea]}[0xc8][0x1b][0xb1][0xe9][0xa5][0xbb]Zs[0x81]f[0xaf]c[0x3]\[0xc][0xe2][\r][\n]"
03:46:16.914 [main] DEBUG org.apache.http.wire - http-outgoing-0 << "[0xd1][0xbb][0xef][0x14]V[0xa8][0xcf]r>[0xc]r~[0xb7][0xf][0x83][0xb2][0xd4]h[0xc][0x5][0xee][0xf6]@[0xaf][0x8c][0xd5][0x88]v[0x98]z[0x8d][v[0xa3][0x87]u^[0xfe][0x16];n[0xc7]o[0xae][0x86][0x7][0x16][0xa4][0xde][0x83]Vp[0xdb][0xf][0xd2];[0xb5][0xc1]Fu[0xb6]~[0x90][0xee]x[[0xa8]r[0x9c][0xb8]LS/r|/[0xcb][0x1e][0xe4][\n]"
03:46:16.914 [main] DEBUG org.apache.http.wire - http-outgoing-0 << "[0xd5][0xc1][0xe][0xe8][0x85][0x80]q[0x3]A[0xe4][0xa6][0x99][0x9f][0xfe][0xe][0x1c][0x14]Y[0x8d][0x8a]OJ[0x1a]-[0xee][0x85][0x9f][0xe3][0xfd][0xe7]}Rm[0xad]$[0xee][0xa2]<[0xd7][0x8b][0x13]7[0xf6][0xc3]`[0x9f][0xf1][0x6]ss[0x9f][0x3][0x8a][0xef][0xdc][0xb8]\[0xed][0xa5]B5-[0xc8][0xfe][0xb0][0x18][0xfb][0x12][0xbf]W[0xb5]4[0xec][0xad]V]{[0x90]0[0xd8][0xa2][0xbe][0xaa]5[0x98]1[0xe6]\[0xc9][^u[0x1a]r[0x81][0xac][0xe9][0x84][0xe5][\r][0x96][0x1c][0x98][0x5][0xb3]vn[0x95].[0xf0]aj>[0x94][0x9c][0xf2][0x96][0xa8][0x81][0xea][0x88][0xd2][0xa2]n57[0xf4][0xe8]X[0xaa]8j[0xb3][0xcb]m[0xc8]l[0xcc][0xeb][0x90][0x91][0xf4][0x11]#[0x9f]xQ+[0x1][0x86]]wR[0x89][S*k[0xb9]f[0x9f][0xa7]`[0xf9][0x8][[0xda][0xd7][0x97]O[0x1c][0xa5][0xda][0x1c][0xd1][0xb2][0xaa]Qo[0x94]*[0xcf][0xb4]2[0xd0](Y[0xba][\r][0xce]b[0xe5][0x8d][0x10]f[0xa3][0xb4][0xad][0xd9][0xaa]k[0x1a]nO"[0x93][0x4][0xd9]12[0xaf][0x4][0xef][0xe1];[0xc7][0xcd]$2[0xd1][0xd2][0x8f]g[0xd0][0xe2][0xf8][0x91][0x1b]f[0x99]7[0x81][0x8b][0xe3][0x7][0x9e][0x9b][0xc4]I[0xf2][0xc]0[0xcb]4v[0xa3],t[0xe3],[\n]"
03:46:16.915 [main] DEBUG org.apache.http.wire - http-outgoing-0 << "[0xd9][0xd6][0x8f][0xbc][0x9]j[0xbe]B[0xd1]K[[0xa3]K[0xb8][0xcc] [0xe7]U>[0xd4][0xde][0xd6][0xfd]3[0xf4][0xfc][0xdd][0xb4][0x2][0x9b][0x1][0x84][0x92][0x19],[0xa8][0xf4][0xa0]{F[0xf7][0x2][[0xfb][0x18][0x1c]tP[0x8e][0x98][0xe1][0xd6][0xa2]4||[0x9c][0x1]N[0xf6][0x8][0x9c][0xb7][0x2][0xa5][0x4]v[0x8d][0x4][0x10][0xea]Is[0xb9]@[0xd1][0xd6]\[0xe2][0x11]*[0xe7]5[0xf0][0xe6][0xcb][0xc7][0xe2][0x2]uC[0xbc][0x9d][0x95] [0xe1][0xe0]gz[0x92][0x96][0xb][0xe8][0xe9][0xb3]W[0xa0][0xd7]'9[0x89][0xa2][0x9]N^[0x3][0x11][0xa6][0x84]j0[0xef]t?[0x9]K[0x12]G[0xd9][0xd2][0x9][0xc9]`f[0xf9]K[0x1c][0xc5][0xe1]$0q[0xea][0xa6]i[0x9a]=[0x3][0xcc][0x1f]I[0xb2][0xfc]3Kb'N[0xb2][0x88]m#[0xe2],[0x9e]`[0x86][0x8e]QC9[0x93][0x98][0x95][0xb1][0xc]d[0xc9]VJ[0x9a][0x93][0xbc][0xac]6[0x9c][0xc6]#[0x4][0xb4][0xba]%[0x10]: swr[0xd2]K[0xd6]j[0xf5][0x15][0x8b]#n[0xa0][0xaa]4V[0x83][0xe3]h[0x4][0xe1][0xc][0xe][0xc5],[0x16]5[0xb9][0x86][0xaa]8>[0x85][0x8e][0xef]=b[0xe7]|[0x87]+[0xa7][0x83][0xbc][0xe8]^w[0xdf]:[0x9c][0xb4][0x1b][0xa5]9[0xd4][0xee][0xca][0x82][0xb4]J[0x1e]At[0x8d][0xbd]{[0x5]%[0xfd]#[0xd5][0xd9][0x1a]4-6[0xbb];}[0x0]29d7[0x9d][0x96]-_[0xe3]I[0x90][0xfc],=[0x6][0xe9][0x92][0xce][0x6][0x8a][0xf5]I[0x8a]B?[\n]"
03:46:16.915 [main] DEBUG org.apache.http.wire - http-outgoing-0 << "R'[0x8]b[0x86][0xef][0x84][0xa9][0x1b][0x84]i<[0x81][0xd1]2q[0x83][0x80]z[0xcf][0xd3][0x10]yA[0xe4][0xc4]QJ[0xeb]x[0xd1][0x4]<[0xd0][0xe4][0xe4][0xc6][0xe8]J[0xb4]3[0xe8][0xd9]uzvyy~[0xba]Q[0xd1][0xb1]i[0x10][0xfc][0x8e]@[0xc1][0xa6][0xa5]vM[0x85][0xaf][0x9e][0xe8]S[0x16]t[0x85][0x96][0xba]T[0xe9]XE[0xd6]S[0xb2][0x86][0xea]$[0xe]qy[0xf1][0xff]/[0xc1]/[0xa8][0x88][0xc9][0x8][0x0][0x0][\r][\n]"
03:46:16.918 [main] DEBUG org.apache.http.headers - http-outgoing-0 << HTTP/1.1 200 OK
03:46:16.918 [main] DEBUG org.apache.http.headers - http-outgoing-0 << Date: Sun, 29 Mar 2026 08:47:00 GMT
03:46:16.918 [main] DEBUG org.apache.http.headers - http-outgoing-0 << Content-Type: application/json; charset=utf-8
03:46:16.918 [main] DEBUG org.apache.http.headers - http-outgoing-0 << Transfer-Encoding: chunked
03:46:16.918 [main] DEBUG org.apache.http.headers - http-outgoing-0 << Connection: keep-alive
03:46:16.918 [main] DEBUG org.apache.http.headers - http-outgoing-0 << access-control-allow-credentials: true
03:46:16.918 [main] DEBUG org.apache.http.headers - http-outgoing-0 << access-control-expose-headers: X-Total-Count, Link
03:46:16.918 [main] DEBUG org.apache.http.headers - http-outgoing-0 << Cache-Control: max-age=43200
03:46:16.918 [main] DEBUG org.apache.http.headers - http-outgoing-0 << Content-Encoding: gzip
03:46:16.918 [main] DEBUG org.apache.http.headers - http-outgoing-0 << etag: W/"8c9-H06pOGeRMrsI05RoHsJl0umiyRY"
03:46:16.918 [main] DEBUG org.apache.http.headers - http-outgoing-0 << expires: -1
03:46:16.918 [main] DEBUG org.apache.http.headers - http-outgoing-0 << link: <https://jsonplaceholder.typicode.com/users?_page=1&_limit=6>; rel="first", <https://jsonplaceholder.typicode.com/users?_page=1&_limit=6>; rel="prev", <https://jsonplaceholder.typicode.com/users?_page=2&_limit=6>; rel="last"
03:46:16.918 [main] DEBUG org.apache.http.headers - http-outgoing-0 << nel: {"report_to":"heroku-nel","response_headers":["Via"],"max_age":3600,"success_fraction":0.01,"failure_fraction":0.1}
03:46:16.918 [main] DEBUG org.apache.http.headers - http-outgoing-0 << pragma: no-cache
03:46:16.918 [main] DEBUG org.apache.http.headers - http-outgoing-0 << report-to: {"group":"heroku-nel","endpoints":[{"url":"https://nel.heroku.com/reports?s=BVgypVZN9cPlKBP3t%2FXGzwQA5rM17OWsYfMfG9YAxZw%3D\u0026sid=e11707d5-02a7-43ef-b45e-2cf4d2036f7d\u0026ts=1774771211"}],"max_age":3600}
03:46:16.918 [main] DEBUG org.apache.http.headers - http-outgoing-0 << reporting-endpoints: heroku-nel="https://nel.heroku.com/reports?s=BVgypVZN9cPlKBP3t%2FXGzwQA5rM17OWsYfMfG9YAxZw%3D&sid=e11707d5-02a7-43ef-b45e-2cf4d2036f7d&ts=1774771211"
03:46:16.919 [main] DEBUG org.apache.http.headers - http-outgoing-0 << Server: cloudflare
03:46:16.919 [main] DEBUG org.apache.http.headers - http-outgoing-0 << vary: Origin, Accept-Encoding
03:46:16.919 [main] DEBUG org.apache.http.headers - http-outgoing-0 << via: 2.0 heroku-router
03:46:16.919 [main] DEBUG org.apache.http.headers - http-outgoing-0 << x-content-type-options: nosniff
03:46:16.919 [main] DEBUG org.apache.http.headers - http-outgoing-0 << x-powered-by: Express
03:46:16.919 [main] DEBUG org.apache.http.headers - http-outgoing-0 << x-ratelimit-limit: 1000
03:46:16.919 [main] DEBUG org.apache.http.headers - http-outgoing-0 << x-ratelimit-remaining: 995
03:46:16.919 [main] DEBUG org.apache.http.headers - http-outgoing-0 << x-ratelimit-reset: 1774771226
03:46:16.919 [main] DEBUG org.apache.http.headers - http-outgoing-0 << x-total-count: 10
03:46:16.919 [main] DEBUG org.apache.http.headers - http-outgoing-0 << Age: 2809
03:46:16.919 [main] DEBUG org.apache.http.headers - http-outgoing-0 << cf-cache-status: HIT
03:46:16.919 [main] DEBUG org.apache.http.headers - http-outgoing-0 << Server-Timing: cfCacheStatus;desc="HIT"
03:46:16.919 [main] DEBUG org.apache.http.headers - http-outgoing-0 << Server-Timing: cfEdge;dur=7,cfOrigin;dur=0
03:46:16.919 [main] DEBUG org.apache.http.headers - http-outgoing-0 << CF-RAY: 9e3d9b7d4efaf498-MIA
03:46:16.919 [main] DEBUG org.apache.http.headers - http-outgoing-0 << alt-svc: h3=":443"; ma=86400
03:46:16.926 [main] DEBUG org.apache.http.impl.execchain.MainClientExec - Connection can be kept alive indefinitely
03:46:16.929 [main] DEBUG org.apache.http.impl.conn.DefaultManagedHttpClientConnection - http-outgoing-0: Close connection
03:46:16.931 [main] DEBUG org.apache.http.impl.execchain.MainClientExec - Connection discarded
03:46:16.931 [main] DEBUG org.apache.http.impl.conn.PoolingHttpClientConnectionManager - Connection released: [id: 0][route: {s}->https://jsonplaceholder.typicode.com:443][total available: 0; route allocated: 0 of 5; total allocated: 0 of 10]
03:46:16.931 [main] DEBUG org.apache.http.impl.conn.PoolingHttpClientConnectionManager - Connection manager is shutting down
03:46:16.932 [main] DEBUG org.apache.http.impl.conn.PoolingHttpClientConnectionManager - Connection manager shut down
03:46:16.935 [main] DEBUG com.intuit.karate - response time in milliseconds: 546
1 < 200
1 < Date: Sun, 29 Mar 2026 08:47:00 GMT
1 < Content-Type: application/json; charset=utf-8
1 < Transfer-Encoding: chunked
1 < Connection: keep-alive
1 < access-control-allow-credentials: true
1 < access-control-expose-headers: X-Total-Count, Link
1 < Cache-Control: max-age=43200
1 < etag: W/"8c9-H06pOGeRMrsI05RoHsJl0umiyRY"
1 < expires: -1
1 < link: <https://jsonplaceholder.typicode.com/users?_page=1&_limit=6>; rel="first", <https://jsonplaceholder.typicode.com/users?_page=1&_limit=6>; rel="prev", <https://jsonplaceholder.typicode.com/users?_page=2&_limit=6>; rel="last"
1 < nel: {"report_to":"heroku-nel","response_headers":["Via"],"max_age":3600,"success_fraction":0.01,"failure_fraction":0.1}
1 < pragma: no-cache
1 < report-to: {"group":"heroku-nel","endpoints":[{"url":"https://nel.heroku.com/reports?s=BVgypVZN9cPlKBP3t%2FXGzwQA5rM17OWsYfMfG9YAxZw%3D\u0026sid=e11707d5-02a7-43ef-b45e-2cf4d2036f7d\u0026ts=1774771211"}],"max_age":3600}
1 < reporting-endpoints: heroku-nel="https://nel.heroku.com/reports?s=BVgypVZN9cPlKBP3t%2FXGzwQA5rM17OWsYfMfG9YAxZw%3D&sid=e11707d5-02a7-43ef-b45e-2cf4d2036f7d&ts=1774771211"
1 < Server: cloudflare
1 < vary: Origin, Accept-Encoding
1 < via: 2.0 heroku-router
1 < x-content-type-options: nosniff
1 < x-powered-by: Express
1 < x-ratelimit-limit: 1000
1 < x-ratelimit-remaining: 995
1 < x-ratelimit-reset: 1774771226
1 < x-total-count: 10
1 < Age: 2809
1 < cf-cache-status: HIT
1 < Server-Timing: cfCacheStatus;desc="HIT"
1 < Server-Timing: cfEdge;dur=7,cfOrigin;dur=0
1 < CF-RAY: 9e3d9b7d4efaf498-MIA
1 < alt-svc: h3=":443"; ma=86400
[
  {
    "id": 7,
    "name": "Kurtis Weissnat",
    "username": "Elwyn.Skiles",
    "email": "Telly.Hoeger@billy.biz",
    "address": {
      "street": "Rex Trail",
      "suite": "Suite 280",
      "city": "Howemouth",
      "zipcode": "58804-1099",
      "geo": {
        "lat": "24.8918",
        "lng": "21.8984"
      }
    },
    "phone": "210.067.6132",
    "website": "elvis.io",
    "company": {
      "name": "Johns Group",
      "catchPhrase": "Configurable multimedia task-force",
      "bs": "generate enterprise e-tailers"
    }
  },
  {
    "id": 8,
    "name": "Nicholas Runolfsdottir V",
    "username": "Maxime_Nienow",
    "email": "Sherwood@rosamond.me",
    "address": {
      "street": "Ellsworth Summit",
      "suite": "Suite 729",
      "city": "Aliyaview",
      "zipcode": "45169",
      "geo": {
        "lat": "-14.3990",
        "lng": "-120.7677"
      }
    },
    "phone": "586.493.6943 x140",
    "website": "jacynthe.com",
    "company": {
      "name": "Abernathy Group",
      "catchPhrase": "Implemented secondary concept",
      "bs": "e-enable extensible e-tailers"
    }
  },
  {
    "id": 9,
    "name": "Glenna Reichert",
    "username": "Delphine",
    "email": "Chaim_McDermott@dana.io",
    "address": {
      "street": "Dayna Park",
      "suite": "Suite 449",
      "city": "Bartholomebury",
      "zipcode": "76495-3109",
      "geo": {
        "lat": "24.6463",
        "lng": "-168.8889"
      }
    },
    "phone": "(775)976-6794 x41206",
    "website": "conrad.com",
    "company": {
      "name": "Yost and Sons",
      "catchPhrase": "Switchable contextually-based project",
      "bs": "aggregate real-time technologies"
    }
  },
  {
    "id": 10,
    "name": "Clementina DuBuque",
    "username": "Moriah.Stanton",
    "email": "Rey.Padberg@karina.biz",
    "address": {
      "street": "Kattie Turnpike",
      "suite": "Suite 198",
      "city": "Lebsackbury",
      "zipcode": "31428-2261",
      "geo": {
        "lat": "-38.2386",
        "lng": "57.2232"
      }
    },
    "phone": "024-648-3804",
    "website": "ambrose.net",
    "company": {
      "name": "Hoeger LLC",
      "catchPhrase": "Centralized empowering task-force",
      "bs": "target end-to-end models"
    }
  }
]

03:46:16.965 [main] INFO com.intuit.karate - [print] [
  {
    "id": 7,
    "name": "Kurtis Weissnat",
    "username": "Elwyn.Skiles",
    "email": "Telly.Hoeger@billy.biz",
    "address": {
      "street": "Rex Trail",
      "suite": "Suite 280",
      "city": "Howemouth",
      "zipcode": "58804-1099",
      "geo": {
        "lat": "24.8918",
        "lng": "21.8984"
      }
    },
    "phone": "210.067.6132",
    "website": "elvis.io",
    "company": {
      "name": "Johns Group",
      "catchPhrase": "Configurable multimedia task-force",
      "bs": "generate enterprise e-tailers"
    }
  },
  {
    "id": 8,
    "name": "Nicholas Runolfsdottir V",
    "username": "Maxime_Nienow",
    "email": "Sherwood@rosamond.me",
    "address": {
      "street": "Ellsworth Summit",
      "suite": "Suite 729",
      "city": "Aliyaview",
      "zipcode": "45169",
      "geo": {
        "lat": "-14.3990",
        "lng": "-120.7677"
      }
    },
    "phone": "586.493.6943 x140",
    "website": "jacynthe.com",
    "company": {
      "name": "Abernathy Group",
      "catchPhrase": "Implemented secondary concept",
      "bs": "e-enable extensible e-tailers"
    }
  },
  {
    "id": 9,
    "name": "Glenna Reichert",
    "username": "Delphine",
    "email": "Chaim_McDermott@dana.io",
    "address": {
      "street": "Dayna Park",
      "suite": "Suite 449",
      "city": "Bartholomebury",
      "zipcode": "76495-3109",
      "geo": {
        "lat": "24.6463",
        "lng": "-168.8889"
      }
    },
    "phone": "(775)976-6794 x41206",
    "website": "conrad.com",
    "company": {
      "name": "Yost and Sons",
      "catchPhrase": "Switchable contextually-based project",
      "bs": "aggregate real-time technologies"
    }
  },
  {
    "id": 10,
    "name": "Clementina DuBuque",
    "username": "Moriah.Stanton",
    "email": "Rey.Padberg@karina.biz",
    "address": {
      "street": "Kattie Turnpike",
      "suite": "Suite 198",
      "city": "Lebsackbury",
      "zipcode": "31428-2261",
      "geo": {
        "lat": "-38.2386",
        "lng": "57.2232"
      }
    },
    "phone": "024-648-3804",
    "website": "ambrose.net",
    "company": {
      "name": "Hoeger LLC",
      "catchPhrase": "Centralized empowering task-force",
      "bs": "target end-to-end models"
    }
  }
]
 
]]></system-out>
  </testcase>
  <testcase name="[2:13] Crear usuario" classname="users" time="0.569">
    <system-out><![CDATA[03:46:17.002 [main] DEBUG com.jayway.jsonpath.internal.path.CompiledPath - Evaluating path: $
03:46:17.010 [main] DEBUG com.jayway.jsonpath.internal.path.CompiledPath - Evaluating path: $
03:46:17.102 [main] DEBUG io.netty.util.internal.logging.InternalLoggerFactory - Using SLF4J as the default logging framework
03:46:17.108 [main] DEBUG io.netty.util.internal.PlatformDependent0 - -Dio.netty.noUnsafe: false
03:46:17.109 [main] DEBUG io.netty.util.internal.PlatformDependent0 - Java version: 11
03:46:17.111 [main] DEBUG io.netty.util.internal.PlatformDependent0 - sun.misc.Unsafe.theUnsafe: available
03:46:17.113 [main] DEBUG io.netty.util.internal.PlatformDependent0 - sun.misc.Unsafe.copyMemory: available
03:46:17.114 [main] DEBUG io.netty.util.internal.PlatformDependent0 - sun.misc.Unsafe.storeFence: available
03:46:17.117 [main] DEBUG io.netty.util.internal.PlatformDependent0 - java.nio.Buffer.address: available
03:46:17.119 [main] DEBUG io.netty.util.internal.PlatformDependent0 - direct buffer constructor: unavailable: Reflective setAccessible(true) disabled
03:46:17.120 [main] DEBUG io.netty.util.internal.PlatformDependent0 - java.nio.Bits.unaligned: available, true
03:46:17.130 [main] DEBUG io.netty.util.internal.PlatformDependent0 - jdk.internal.misc.Unsafe.allocateUninitializedArray(int): unavailable: class io.netty.util.internal.PlatformDependent0$7 cannot access class jdk.internal.misc.Unsafe (in module java.base) because module java.base does not export jdk.internal.misc to unnamed module @4bbf6d0e
03:46:17.132 [main] DEBUG io.netty.util.internal.PlatformDependent0 - java.nio.DirectByteBuffer.<init>(long, int): unavailable
03:46:17.133 [main] DEBUG io.netty.util.internal.PlatformDependent - sun.misc.Unsafe: available
03:46:17.143 [main] DEBUG io.netty.util.internal.PlatformDependent - maxDirectMemory: 2113929216 bytes (maybe)
03:46:17.143 [main] DEBUG io.netty.util.internal.PlatformDependent - -Dio.netty.tmpdir: C:\Users\javie\AppData\Local\Temp (java.io.tmpdir)
03:46:17.144 [main] DEBUG io.netty.util.internal.PlatformDependent - -Dio.netty.bitMode: 64 (sun.arch.data.model)
03:46:17.145 [main] DEBUG io.netty.util.internal.PlatformDependent - Platform: Windows
03:46:17.147 [main] DEBUG io.netty.util.internal.PlatformDependent - -Dio.netty.maxDirectMemory: -1 bytes
03:46:17.148 [main] DEBUG io.netty.util.internal.PlatformDependent - -Dio.netty.uninitializedArrayAllocationThreshold: -1
03:46:17.150 [main] DEBUG io.netty.util.internal.CleanerJava9 - java.nio.ByteBuffer.cleaner(): available
03:46:17.150 [main] DEBUG io.netty.util.internal.PlatformDependent - -Dio.netty.noPreferDirect: false
03:46:17.176 [main] DEBUG org.apache.http.client.protocol.RequestAddCookies - CookieSpec selected: karate
03:46:17.176 [main] DEBUG org.apache.http.client.protocol.RequestAuthCache - Auth cache not set in the context
03:46:17.176 [main] DEBUG com.intuit.karate - request:
1 > POST https://jsonplaceholder.typicode.com/users
1 > User-Agent: Mozilla/5.0 (Windows NT 10.0; Win64; x64) AppleWebKit/537.36
1 > Content-Type: application/json; charset=UTF-8
1 > Content-Length: 60
1 > Host: jsonplaceholder.typicode.com
1 > Connection: Keep-Alive
1 > Accept-Encoding: gzip,deflate
{"name":"Javier Requejo","email":"javierrequejo@encora.com"}

03:46:17.177 [main] DEBUG org.apache.http.impl.conn.PoolingHttpClientConnectionManager - Connection request: [route: {s}->https://jsonplaceholder.typicode.com:443][total available: 0; route allocated: 0 of 5; total allocated: 0 of 10]
03:46:17.178 [main] DEBUG org.apache.http.impl.conn.PoolingHttpClientConnectionManager - Connection leased: [id: 1][route: {s}->https://jsonplaceholder.typicode.com:443][total available: 0; route allocated: 1 of 5; total allocated: 1 of 10]
03:46:17.178 [main] DEBUG org.apache.http.impl.execchain.MainClientExec - Opening connection {s}->https://jsonplaceholder.typicode.com:443
03:46:17.178 [main] DEBUG org.apache.http.impl.conn.DefaultHttpClientConnectionOperator - Connecting to jsonplaceholder.typicode.com/172.67.167.151:443
03:46:17.178 [main] DEBUG org.apache.http.conn.ssl.SSLConnectionSocketFactory - Connecting socket to jsonplaceholder.typicode.com/172.67.167.151:443 with timeout 5000
03:46:17.251 [main] DEBUG org.apache.http.conn.ssl.SSLConnectionSocketFactory - Enabled protocols: [TLSv1.3, TLSv1.2]
03:46:17.251 [main] DEBUG org.apache.http.conn.ssl.SSLConnectionSocketFactory - Enabled cipher suites:[TLS_AES_256_GCM_SHA384, TLS_AES_128_GCM_SHA256, TLS_CHACHA20_POLY1305_SHA256, TLS_ECDHE_ECDSA_WITH_AES_256_GCM_SHA384, TLS_ECDHE_ECDSA_WITH_AES_128_GCM_SHA256, TLS_ECDHE_ECDSA_WITH_CHACHA20_POLY1305_SHA256, TLS_ECDHE_RSA_WITH_AES_256_GCM_SHA384, TLS_ECDHE_RSA_WITH_CHACHA20_POLY1305_SHA256, TLS_ECDHE_RSA_WITH_AES_128_GCM_SHA256, TLS_DHE_RSA_WITH_AES_256_GCM_SHA384, TLS_DHE_RSA_WITH_CHACHA20_POLY1305_SHA256, TLS_DHE_DSS_WITH_AES_256_GCM_SHA384, TLS_DHE_RSA_WITH_AES_128_GCM_SHA256, TLS_DHE_DSS_WITH_AES_128_GCM_SHA256, TLS_ECDHE_ECDSA_WITH_AES_256_CBC_SHA384, TLS_ECDHE_RSA_WITH_AES_256_CBC_SHA384, TLS_ECDHE_ECDSA_WITH_AES_128_CBC_SHA256, TLS_ECDHE_RSA_WITH_AES_128_CBC_SHA256, TLS_DHE_RSA_WITH_AES_256_CBC_SHA256, TLS_DHE_DSS_WITH_AES_256_CBC_SHA256, TLS_DHE_RSA_WITH_AES_128_CBC_SHA256, TLS_DHE_DSS_WITH_AES_128_CBC_SHA256, TLS_ECDHE_ECDSA_WITH_AES_256_CBC_SHA, TLS_ECDHE_RSA_WITH_AES_256_CBC_SHA, TLS_ECDHE_ECDSA_WITH_AES_128_CBC_SHA, TLS_ECDHE_RSA_WITH_AES_128_CBC_SHA, TLS_DHE_RSA_WITH_AES_256_CBC_SHA, TLS_DHE_DSS_WITH_AES_256_CBC_SHA, TLS_DHE_RSA_WITH_AES_128_CBC_SHA, TLS_DHE_DSS_WITH_AES_128_CBC_SHA, TLS_EMPTY_RENEGOTIATION_INFO_SCSV]
03:46:17.251 [main] DEBUG org.apache.http.conn.ssl.SSLConnectionSocketFactory - Starting handshake
03:46:17.337 [main] DEBUG org.apache.http.conn.ssl.SSLConnectionSocketFactory - Secure session established
03:46:17.337 [main] DEBUG org.apache.http.conn.ssl.SSLConnectionSocketFactory -  negotiated protocol: TLSv1.3
03:46:17.337 [main] DEBUG org.apache.http.conn.ssl.SSLConnectionSocketFactory -  negotiated cipher suite: TLS_AES_256_GCM_SHA384
03:46:17.337 [main] DEBUG org.apache.http.conn.ssl.SSLConnectionSocketFactory -  peer principal: CN=typicode.com
03:46:17.337 [main] DEBUG org.apache.http.conn.ssl.SSLConnectionSocketFactory -  peer alternative names: [typicode.com, *.typicode.com]
03:46:17.337 [main] DEBUG org.apache.http.conn.ssl.SSLConnectionSocketFactory -  issuer principal: CN=WE1, O=Google Trust Services, C=US
03:46:17.337 [main] DEBUG org.apache.http.impl.conn.DefaultHttpClientConnectionOperator - Connection established 192.168.1.17:56787<->172.67.167.151:443
03:46:17.337 [main] DEBUG org.apache.http.impl.conn.DefaultManagedHttpClientConnection - http-outgoing-1: set socket timeout to 5000
03:46:17.337 [main] DEBUG org.apache.http.impl.execchain.MainClientExec - Executing request POST /users HTTP/1.1
03:46:17.337 [main] DEBUG org.apache.http.impl.execchain.MainClientExec - Target auth state: UNCHALLENGED
03:46:17.337 [main] DEBUG org.apache.http.impl.execchain.MainClientExec - Proxy auth state: UNCHALLENGED
03:46:17.337 [main] DEBUG org.apache.http.headers - http-outgoing-1 >> POST /users HTTP/1.1
03:46:17.338 [main] DEBUG org.apache.http.headers - http-outgoing-1 >> User-Agent: Mozilla/5.0 (Windows NT 10.0; Win64; x64) AppleWebKit/537.36
03:46:17.338 [main] DEBUG org.apache.http.headers - http-outgoing-1 >> Content-Type: application/json; charset=UTF-8
03:46:17.338 [main] DEBUG org.apache.http.headers - http-outgoing-1 >> Content-Length: 60
03:46:17.338 [main] DEBUG org.apache.http.headers - http-outgoing-1 >> Host: jsonplaceholder.typicode.com
03:46:17.338 [main] DEBUG org.apache.http.headers - http-outgoing-1 >> Connection: Keep-Alive
03:46:17.338 [main] DEBUG org.apache.http.headers - http-outgoing-1 >> Accept-Encoding: gzip,deflate
03:46:17.338 [main] DEBUG org.apache.http.wire - http-outgoing-1 >> "POST /users HTTP/1.1[\r][\n]"
03:46:17.338 [main] DEBUG org.apache.http.wire - http-outgoing-1 >> "User-Agent: Mozilla/5.0 (Windows NT 10.0; Win64; x64) AppleWebKit/537.36[\r][\n]"
03:46:17.338 [main] DEBUG org.apache.http.wire - http-outgoing-1 >> "Content-Type: application/json; charset=UTF-8[\r][\n]"
03:46:17.338 [main] DEBUG org.apache.http.wire - http-outgoing-1 >> "Content-Length: 60[\r][\n]"
03:46:17.338 [main] DEBUG org.apache.http.wire - http-outgoing-1 >> "Host: jsonplaceholder.typicode.com[\r][\n]"
03:46:17.338 [main] DEBUG org.apache.http.wire - http-outgoing-1 >> "Connection: Keep-Alive[\r][\n]"
03:46:17.338 [main] DEBUG org.apache.http.wire - http-outgoing-1 >> "Accept-Encoding: gzip,deflate[\r][\n]"
03:46:17.338 [main] DEBUG org.apache.http.wire - http-outgoing-1 >> "[\r][\n]"
03:46:17.338 [main] DEBUG org.apache.http.wire - http-outgoing-1 >> "{"name":"Javier Requejo","email":"javierrequejo@encora.com"}"
03:46:17.492 [main] DEBUG org.apache.http.wire - http-outgoing-1 << "HTTP/1.1 201 Created[\r][\n]"
03:46:17.492 [main] DEBUG org.apache.http.wire - http-outgoing-1 << "Date: Sun, 29 Mar 2026 08:47:01 GMT[\r][\n]"
03:46:17.492 [main] DEBUG org.apache.http.wire - http-outgoing-1 << "Content-Type: application/json; charset=utf-8[\r][\n]"
03:46:17.492 [main] DEBUG org.apache.http.wire - http-outgoing-1 << "Content-Length: 81[\r][\n]"
03:46:17.492 [main] DEBUG org.apache.http.wire - http-outgoing-1 << "Connection: keep-alive[\r][\n]"
03:46:17.492 [main] DEBUG org.apache.http.wire - http-outgoing-1 << "access-control-allow-credentials: true[\r][\n]"
03:46:17.492 [main] DEBUG org.apache.http.wire - http-outgoing-1 << "access-control-expose-headers: Location[\r][\n]"
03:46:17.492 [main] DEBUG org.apache.http.wire - http-outgoing-1 << "Cache-Control: no-cache[\r][\n]"
03:46:17.493 [main] DEBUG org.apache.http.wire - http-outgoing-1 << "etag: W/"51-3iZ+r5qfy+a5me2EGq/73GH/jfQ"[\r][\n]"
03:46:17.493 [main] DEBUG org.apache.http.wire - http-outgoing-1 << "expires: -1[\r][\n]"
03:46:17.493 [main] DEBUG org.apache.http.wire - http-outgoing-1 << "location: https://jsonplaceholder.typicode.com/users/11[\r][\n]"
03:46:17.493 [main] DEBUG org.apache.http.wire - http-outgoing-1 << "nel: {"report_to":"heroku-nel","response_headers":["Via"],"max_age":3600,"success_fraction":0.01,"failure_fraction":0.1}[\r][\n]"
03:46:17.493 [main] DEBUG org.apache.http.wire - http-outgoing-1 << "pragma: no-cache[\r][\n]"
03:46:17.493 [main] DEBUG org.apache.http.wire - http-outgoing-1 << "report-to: {"group":"heroku-nel","endpoints":[{"url":"https://nel.heroku.com/reports?s=gZt%2FAJtZx0WC%2BBhQJdC%2Fgi%2Bh1hNt%2B9UHnv5oDMdKfo4%3D\u0026sid=e11707d5-02a7-43ef-b45e-2cf4d2036f7d\u0026ts=1774774021"}],"max_age":3600}[\r][\n]"
03:46:17.493 [main] DEBUG org.apache.http.wire - http-outgoing-1 << "reporting-endpoints: heroku-nel="https://nel.heroku.com/reports?s=gZt%2FAJtZx0WC%2BBhQJdC%2Fgi%2Bh1hNt%2B9UHnv5oDMdKfo4%3D&sid=e11707d5-02a7-43ef-b45e-2cf4d2036f7d&ts=1774774021"[\r][\n]"
03:46:17.494 [main] DEBUG org.apache.http.wire - http-outgoing-1 << "Server: cloudflare[\r][\n]"
03:46:17.494 [main] DEBUG org.apache.http.wire - http-outgoing-1 << "vary: Origin, X-HTTP-Method-Override, Accept-Encoding[\r][\n]"
03:46:17.494 [main] DEBUG org.apache.http.wire - http-outgoing-1 << "via: 2.0 heroku-router[\r][\n]"
03:46:17.494 [main] DEBUG org.apache.http.wire - http-outgoing-1 << "x-content-type-options: nosniff[\r][\n]"
03:46:17.494 [main] DEBUG org.apache.http.wire - http-outgoing-1 << "x-powered-by: Express[\r][\n]"
03:46:17.494 [main] DEBUG org.apache.http.wire - http-outgoing-1 << "x-ratelimit-limit: 1000[\r][\n]"
03:46:17.494 [main] DEBUG org.apache.http.wire - http-outgoing-1 << "x-ratelimit-remaining: 999[\r][\n]"
03:46:17.494 [main] DEBUG org.apache.http.wire - http-outgoing-1 << "x-ratelimit-reset: 1774774046[\r][\n]"
03:46:17.494 [main] DEBUG org.apache.http.wire - http-outgoing-1 << "cf-cache-status: DYNAMIC[\r][\n]"
03:46:17.494 [main] DEBUG org.apache.http.wire - http-outgoing-1 << "Server-Timing: cfCacheStatus;desc="DYNAMIC"[\r][\n]"
03:46:17.495 [main] DEBUG org.apache.http.wire - http-outgoing-1 << "Server-Timing: cfEdge;dur=6,cfOrigin;dur=70[\r][\n]"
03:46:17.495 [main] DEBUG org.apache.http.wire - http-outgoing-1 << "CF-RAY: 9e3d9b807a8c7425-MIA[\r][\n]"
03:46:17.495 [main] DEBUG org.apache.http.wire - http-outgoing-1 << "alt-svc: h3=":443"; ma=86400[\r][\n]"
03:46:17.495 [main] DEBUG org.apache.http.wire - http-outgoing-1 << "[\r][\n]"
03:46:17.495 [main] DEBUG org.apache.http.wire - http-outgoing-1 << "{[\n]"
03:46:17.495 [main] DEBUG org.apache.http.wire - http-outgoing-1 << "  "name": "Javier Requejo",[\n]"
03:46:17.495 [main] DEBUG org.apache.http.wire - http-outgoing-1 << "  "em"
03:46:17.496 [main] DEBUG org.apache.http.headers - http-outgoing-1 << HTTP/1.1 201 Created
03:46:17.496 [main] DEBUG org.apache.http.headers - http-outgoing-1 << Date: Sun, 29 Mar 2026 08:47:01 GMT
03:46:17.496 [main] DEBUG org.apache.http.headers - http-outgoing-1 << Content-Type: application/json; charset=utf-8
03:46:17.496 [main] DEBUG org.apache.http.headers - http-outgoing-1 << Content-Length: 81
03:46:17.496 [main] DEBUG org.apache.http.headers - http-outgoing-1 << Connection: keep-alive
03:46:17.496 [main] DEBUG org.apache.http.headers - http-outgoing-1 << access-control-allow-credentials: true
03:46:17.496 [main] DEBUG org.apache.http.headers - http-outgoing-1 << access-control-expose-headers: Location
03:46:17.497 [main] DEBUG org.apache.http.headers - http-outgoing-1 << Cache-Control: no-cache
03:46:17.497 [main] DEBUG org.apache.http.headers - http-outgoing-1 << etag: W/"51-3iZ+r5qfy+a5me2EGq/73GH/jfQ"
03:46:17.497 [main] DEBUG org.apache.http.headers - http-outgoing-1 << expires: -1
03:46:17.497 [main] DEBUG org.apache.http.headers - http-outgoing-1 << location: https://jsonplaceholder.typicode.com/users/11
03:46:17.497 [main] DEBUG org.apache.http.headers - http-outgoing-1 << nel: {"report_to":"heroku-nel","response_headers":["Via"],"max_age":3600,"success_fraction":0.01,"failure_fraction":0.1}
03:46:17.497 [main] DEBUG org.apache.http.headers - http-outgoing-1 << pragma: no-cache
03:46:17.497 [main] DEBUG org.apache.http.headers - http-outgoing-1 << report-to: {"group":"heroku-nel","endpoints":[{"url":"https://nel.heroku.com/reports?s=gZt%2FAJtZx0WC%2BBhQJdC%2Fgi%2Bh1hNt%2B9UHnv5oDMdKfo4%3D\u0026sid=e11707d5-02a7-43ef-b45e-2cf4d2036f7d\u0026ts=1774774021"}],"max_age":3600}
03:46:17.497 [main] DEBUG org.apache.http.headers - http-outgoing-1 << reporting-endpoints: heroku-nel="https://nel.heroku.com/reports?s=gZt%2FAJtZx0WC%2BBhQJdC%2Fgi%2Bh1hNt%2B9UHnv5oDMdKfo4%3D&sid=e11707d5-02a7-43ef-b45e-2cf4d2036f7d&ts=1774774021"
03:46:17.497 [main] DEBUG org.apache.http.headers - http-outgoing-1 << Server: cloudflare
03:46:17.497 [main] DEBUG org.apache.http.headers - http-outgoing-1 << vary: Origin, X-HTTP-Method-Override, Accept-Encoding
03:46:17.497 [main] DEBUG org.apache.http.headers - http-outgoing-1 << via: 2.0 heroku-router
03:46:17.497 [main] DEBUG org.apache.http.headers - http-outgoing-1 << x-content-type-options: nosniff
03:46:17.498 [main] DEBUG org.apache.http.headers - http-outgoing-1 << x-powered-by: Express
03:46:17.498 [main] DEBUG org.apache.http.headers - http-outgoing-1 << x-ratelimit-limit: 1000
03:46:17.498 [main] DEBUG org.apache.http.headers - http-outgoing-1 << x-ratelimit-remaining: 999
03:46:17.498 [main] DEBUG org.apache.http.headers - http-outgoing-1 << x-ratelimit-reset: 1774774046
03:46:17.498 [main] DEBUG org.apache.http.headers - http-outgoing-1 << cf-cache-status: DYNAMIC
03:46:17.498 [main] DEBUG org.apache.http.headers - http-outgoing-1 << Server-Timing: cfCacheStatus;desc="DYNAMIC"
03:46:17.498 [main] DEBUG org.apache.http.headers - http-outgoing-1 << Server-Timing: cfEdge;dur=6,cfOrigin;dur=70
03:46:17.498 [main] DEBUG org.apache.http.headers - http-outgoing-1 << CF-RAY: 9e3d9b807a8c7425-MIA
03:46:17.498 [main] DEBUG org.apache.http.headers - http-outgoing-1 << alt-svc: h3=":443"; ma=86400
03:46:17.499 [main] DEBUG org.apache.http.impl.execchain.MainClientExec - Connection can be kept alive indefinitely
03:46:17.500 [main] DEBUG org.apache.http.wire - http-outgoing-1 << "ail": "javierrequejo@encora.com",[\n]"
03:46:17.500 [main] DEBUG org.apache.http.wire - http-outgoing-1 << "  "id": 11[\n]"
03:46:17.500 [main] DEBUG org.apache.http.wire - http-outgoing-1 << "}"
03:46:17.501 [main] DEBUG org.apache.http.impl.conn.PoolingHttpClientConnectionManager - Connection [id: 1][route: {s}->https://jsonplaceholder.typicode.com:443] can be kept alive indefinitely
03:46:17.501 [main] DEBUG org.apache.http.impl.conn.DefaultManagedHttpClientConnection - http-outgoing-1: set socket timeout to 0
03:46:17.501 [main] DEBUG org.apache.http.impl.conn.PoolingHttpClientConnectionManager - Connection released: [id: 1][route: {s}->https://jsonplaceholder.typicode.com:443][total available: 1; route allocated: 1 of 5; total allocated: 1 of 10]
03:46:17.501 [main] DEBUG org.apache.http.impl.conn.PoolingHttpClientConnectionManager - Connection manager is shutting down
03:46:17.501 [main] DEBUG org.apache.http.impl.conn.DefaultManagedHttpClientConnection - http-outgoing-1: Close connection
03:46:17.503 [main] DEBUG org.apache.http.impl.conn.PoolingHttpClientConnectionManager - Connection manager shut down
03:46:17.503 [main] DEBUG com.intuit.karate - response time in milliseconds: 324
1 < 201
1 < Date: Sun, 29 Mar 2026 08:47:01 GMT
1 < Content-Type: application/json; charset=utf-8
1 < Content-Length: 81
1 < Connection: keep-alive
1 < access-control-allow-credentials: true
1 < access-control-expose-headers: Location
1 < Cache-Control: no-cache
1 < etag: W/"51-3iZ+r5qfy+a5me2EGq/73GH/jfQ"
1 < expires: -1
1 < location: https://jsonplaceholder.typicode.com/users/11
1 < nel: {"report_to":"heroku-nel","response_headers":["Via"],"max_age":3600,"success_fraction":0.01,"failure_fraction":0.1}
1 < pragma: no-cache
1 < report-to: {"group":"heroku-nel","endpoints":[{"url":"https://nel.heroku.com/reports?s=gZt%2FAJtZx0WC%2BBhQJdC%2Fgi%2Bh1hNt%2B9UHnv5oDMdKfo4%3D\u0026sid=e11707d5-02a7-43ef-b45e-2cf4d2036f7d\u0026ts=1774774021"}],"max_age":3600}
1 < reporting-endpoints: heroku-nel="https://nel.heroku.com/reports?s=gZt%2FAJtZx0WC%2BBhQJdC%2Fgi%2Bh1hNt%2B9UHnv5oDMdKfo4%3D&sid=e11707d5-02a7-43ef-b45e-2cf4d2036f7d&ts=1774774021"
1 < Server: cloudflare
1 < vary: Origin, X-HTTP-Method-Override, Accept-Encoding
1 < via: 2.0 heroku-router
1 < x-content-type-options: nosniff
1 < x-powered-by: Express
1 < x-ratelimit-limit: 1000
1 < x-ratelimit-remaining: 999
1 < x-ratelimit-reset: 1774774046
1 < cf-cache-status: DYNAMIC
1 < Server-Timing: cfCacheStatus;desc="DYNAMIC"
1 < Server-Timing: cfEdge;dur=6,cfOrigin;dur=70
1 < CF-RAY: 9e3d9b807a8c7425-MIA
1 < alt-svc: h3=":443"; ma=86400
{
  "name": "Javier Requejo",
  "email": "javierrequejo@encora.com",
  "id": 11
}

03:46:17.540 [main] DEBUG com.jayway.jsonpath.internal.path.CompiledPath - Evaluating path: $['name']
03:46:17.555 [main] INFO com.intuit.karate - [print] {
  "name": "Javier Requejo",
  "email": "javierrequejo@encora.com",
  "id": 11
}
 
]]></system-out>
  </testcase>
  <testcase name="[3:21] Actualizar usuario" classname="users" time="0.404">
    <system-out><![CDATA[03:46:17.596 [main] DEBUG com.jayway.jsonpath.internal.path.CompiledPath - Evaluating path: $
03:46:17.598 [main] DEBUG com.jayway.jsonpath.internal.path.CompiledPath - Evaluating path: $
03:46:17.600 [main] DEBUG org.apache.http.client.protocol.RequestAddCookies - CookieSpec selected: karate
03:46:17.600 [main] DEBUG org.apache.http.client.protocol.RequestAuthCache - Auth cache not set in the context
03:46:17.600 [main] DEBUG com.intuit.karate - request:
1 > PUT https://jsonplaceholder.typicode.com/users/2
1 > User-Agent: Mozilla/5.0 (Windows NT 10.0; Win64; x64) AppleWebKit/537.36
1 > Content-Type: application/json; charset=UTF-8
1 > Content-Length: 44
1 > Host: jsonplaceholder.typicode.com
1 > Connection: Keep-Alive
1 > Accept-Encoding: gzip,deflate
{"name":"Javier Requejo Nuevo QE de Encora"}

03:46:17.600 [main] DEBUG org.apache.http.impl.conn.PoolingHttpClientConnectionManager - Connection request: [route: {s}->https://jsonplaceholder.typicode.com:443][total available: 0; route allocated: 0 of 5; total allocated: 0 of 10]
03:46:17.600 [main] DEBUG org.apache.http.impl.conn.PoolingHttpClientConnectionManager - Connection leased: [id: 2][route: {s}->https://jsonplaceholder.typicode.com:443][total available: 0; route allocated: 1 of 5; total allocated: 1 of 10]
03:46:17.600 [main] DEBUG org.apache.http.impl.execchain.MainClientExec - Opening connection {s}->https://jsonplaceholder.typicode.com:443
03:46:17.600 [main] DEBUG org.apache.http.impl.conn.DefaultHttpClientConnectionOperator - Connecting to jsonplaceholder.typicode.com/172.67.167.151:443
03:46:17.600 [main] DEBUG org.apache.http.conn.ssl.SSLConnectionSocketFactory - Connecting socket to jsonplaceholder.typicode.com/172.67.167.151:443 with timeout 5000
03:46:17.678 [main] DEBUG org.apache.http.conn.ssl.SSLConnectionSocketFactory - Enabled protocols: [TLSv1.3, TLSv1.2]
03:46:17.678 [main] DEBUG org.apache.http.conn.ssl.SSLConnectionSocketFactory - Enabled cipher suites:[TLS_AES_256_GCM_SHA384, TLS_AES_128_GCM_SHA256, TLS_CHACHA20_POLY1305_SHA256, TLS_ECDHE_ECDSA_WITH_AES_256_GCM_SHA384, TLS_ECDHE_ECDSA_WITH_AES_128_GCM_SHA256, TLS_ECDHE_ECDSA_WITH_CHACHA20_POLY1305_SHA256, TLS_ECDHE_RSA_WITH_AES_256_GCM_SHA384, TLS_ECDHE_RSA_WITH_CHACHA20_POLY1305_SHA256, TLS_ECDHE_RSA_WITH_AES_128_GCM_SHA256, TLS_DHE_RSA_WITH_AES_256_GCM_SHA384, TLS_DHE_RSA_WITH_CHACHA20_POLY1305_SHA256, TLS_DHE_DSS_WITH_AES_256_GCM_SHA384, TLS_DHE_RSA_WITH_AES_128_GCM_SHA256, TLS_DHE_DSS_WITH_AES_128_GCM_SHA256, TLS_ECDHE_ECDSA_WITH_AES_256_CBC_SHA384, TLS_ECDHE_RSA_WITH_AES_256_CBC_SHA384, TLS_ECDHE_ECDSA_WITH_AES_128_CBC_SHA256, TLS_ECDHE_RSA_WITH_AES_128_CBC_SHA256, TLS_DHE_RSA_WITH_AES_256_CBC_SHA256, TLS_DHE_DSS_WITH_AES_256_CBC_SHA256, TLS_DHE_RSA_WITH_AES_128_CBC_SHA256, TLS_DHE_DSS_WITH_AES_128_CBC_SHA256, TLS_ECDHE_ECDSA_WITH_AES_256_CBC_SHA, TLS_ECDHE_RSA_WITH_AES_256_CBC_SHA, TLS_ECDHE_ECDSA_WITH_AES_128_CBC_SHA, TLS_ECDHE_RSA_WITH_AES_128_CBC_SHA, TLS_DHE_RSA_WITH_AES_256_CBC_SHA, TLS_DHE_DSS_WITH_AES_256_CBC_SHA, TLS_DHE_RSA_WITH_AES_128_CBC_SHA, TLS_DHE_DSS_WITH_AES_128_CBC_SHA, TLS_EMPTY_RENEGOTIATION_INFO_SCSV]
03:46:17.678 [main] DEBUG org.apache.http.conn.ssl.SSLConnectionSocketFactory - Starting handshake
03:46:17.766 [main] DEBUG org.apache.http.conn.ssl.SSLConnectionSocketFactory - Secure session established
03:46:17.766 [main] DEBUG org.apache.http.conn.ssl.SSLConnectionSocketFactory -  negotiated protocol: TLSv1.3
03:46:17.766 [main] DEBUG org.apache.http.conn.ssl.SSLConnectionSocketFactory -  negotiated cipher suite: TLS_AES_256_GCM_SHA384
03:46:17.766 [main] DEBUG org.apache.http.conn.ssl.SSLConnectionSocketFactory -  peer principal: CN=typicode.com
03:46:17.766 [main] DEBUG org.apache.http.conn.ssl.SSLConnectionSocketFactory -  peer alternative names: [typicode.com, *.typicode.com]
03:46:17.766 [main] DEBUG org.apache.http.conn.ssl.SSLConnectionSocketFactory -  issuer principal: CN=WE1, O=Google Trust Services, C=US
03:46:17.766 [main] DEBUG org.apache.http.impl.conn.DefaultHttpClientConnectionOperator - Connection established 192.168.1.17:56788<->172.67.167.151:443
03:46:17.766 [main] DEBUG org.apache.http.impl.conn.DefaultManagedHttpClientConnection - http-outgoing-2: set socket timeout to 5000
03:46:17.766 [main] DEBUG org.apache.http.impl.execchain.MainClientExec - Executing request PUT /users/2 HTTP/1.1
03:46:17.766 [main] DEBUG org.apache.http.impl.execchain.MainClientExec - Target auth state: UNCHALLENGED
03:46:17.766 [main] DEBUG org.apache.http.impl.execchain.MainClientExec - Proxy auth state: UNCHALLENGED
03:46:17.767 [main] DEBUG org.apache.http.headers - http-outgoing-2 >> PUT /users/2 HTTP/1.1
03:46:17.767 [main] DEBUG org.apache.http.headers - http-outgoing-2 >> User-Agent: Mozilla/5.0 (Windows NT 10.0; Win64; x64) AppleWebKit/537.36
03:46:17.767 [main] DEBUG org.apache.http.headers - http-outgoing-2 >> Content-Type: application/json; charset=UTF-8
03:46:17.767 [main] DEBUG org.apache.http.headers - http-outgoing-2 >> Content-Length: 44
03:46:17.767 [main] DEBUG org.apache.http.headers - http-outgoing-2 >> Host: jsonplaceholder.typicode.com
03:46:17.767 [main] DEBUG org.apache.http.headers - http-outgoing-2 >> Connection: Keep-Alive
03:46:17.767 [main] DEBUG org.apache.http.headers - http-outgoing-2 >> Accept-Encoding: gzip,deflate
03:46:17.767 [main] DEBUG org.apache.http.wire - http-outgoing-2 >> "PUT /users/2 HTTP/1.1[\r][\n]"
03:46:17.767 [main] DEBUG org.apache.http.wire - http-outgoing-2 >> "User-Agent: Mozilla/5.0 (Windows NT 10.0; Win64; x64) AppleWebKit/537.36[\r][\n]"
03:46:17.767 [main] DEBUG org.apache.http.wire - http-outgoing-2 >> "Content-Type: application/json; charset=UTF-8[\r][\n]"
03:46:17.767 [main] DEBUG org.apache.http.wire - http-outgoing-2 >> "Content-Length: 44[\r][\n]"
03:46:17.767 [main] DEBUG org.apache.http.wire - http-outgoing-2 >> "Host: jsonplaceholder.typicode.com[\r][\n]"
03:46:17.767 [main] DEBUG org.apache.http.wire - http-outgoing-2 >> "Connection: Keep-Alive[\r][\n]"
03:46:17.767 [main] DEBUG org.apache.http.wire - http-outgoing-2 >> "Accept-Encoding: gzip,deflate[\r][\n]"
03:46:17.767 [main] DEBUG org.apache.http.wire - http-outgoing-2 >> "[\r][\n]"
03:46:17.767 [main] DEBUG org.apache.http.wire - http-outgoing-2 >> "{"name":"Javier Requejo Nuevo QE de Encora"}"
03:46:17.948 [main] DEBUG org.apache.http.wire - http-outgoing-2 << "HTTP/1.1 200 OK[\r][\n]"
03:46:17.948 [main] DEBUG org.apache.http.wire - http-outgoing-2 << "Date: Sun, 29 Mar 2026 08:47:01 GMT[\r][\n]"
03:46:17.948 [main] DEBUG org.apache.http.wire - http-outgoing-2 << "Content-Type: application/json; charset=utf-8[\r][\n]"
03:46:17.948 [main] DEBUG org.apache.http.wire - http-outgoing-2 << "Transfer-Encoding: chunked[\r][\n]"
03:46:17.948 [main] DEBUG org.apache.http.wire - http-outgoing-2 << "Connection: keep-alive[\r][\n]"
03:46:17.948 [main] DEBUG org.apache.http.wire - http-outgoing-2 << "access-control-allow-credentials: true[\r][\n]"
03:46:17.948 [main] DEBUG org.apache.http.wire - http-outgoing-2 << "Cache-Control: no-cache[\r][\n]"
03:46:17.949 [main] DEBUG org.apache.http.wire - http-outgoing-2 << "etag: W/"3c-m+DK57X9ke8+0LLquO8UFXDpyLw"[\r][\n]"
03:46:17.949 [main] DEBUG org.apache.http.wire - http-outgoing-2 << "expires: -1[\r][\n]"
03:46:17.949 [main] DEBUG org.apache.http.wire - http-outgoing-2 << "nel: {"report_to":"heroku-nel","response_headers":["Via"],"max_age":3600,"success_fraction":0.01,"failure_fraction":0.1}[\r][\n]"
03:46:17.949 [main] DEBUG org.apache.http.wire - http-outgoing-2 << "pragma: no-cache[\r][\n]"
03:46:17.949 [main] DEBUG org.apache.http.wire - http-outgoing-2 << "report-to: {"group":"heroku-nel","endpoints":[{"url":"https://nel.heroku.com/reports?s=gZt%2FAJtZx0WC%2BBhQJdC%2Fgi%2Bh1hNt%2B9UHnv5oDMdKfo4%3D\u0026sid=e11707d5-02a7-43ef-b45e-2cf4d2036f7d\u0026ts=1774774021"}],"max_age":3600}[\r][\n]"
03:46:17.949 [main] DEBUG org.apache.http.wire - http-outgoing-2 << "reporting-endpoints: heroku-nel="https://nel.heroku.com/reports?s=gZt%2FAJtZx0WC%2BBhQJdC%2Fgi%2Bh1hNt%2B9UHnv5oDMdKfo4%3D&sid=e11707d5-02a7-43ef-b45e-2cf4d2036f7d&ts=1774774021"[\r][\n]"
03:46:17.949 [main] DEBUG org.apache.http.wire - http-outgoing-2 << "Server: cloudflare[\r][\n]"
03:46:17.949 [main] DEBUG org.apache.http.wire - http-outgoing-2 << "vary: Origin, Accept-Encoding[\r][\n]"
03:46:17.949 [main] DEBUG org.apache.http.wire - http-outgoing-2 << "via: 2.0 heroku-router[\r][\n]"
03:46:17.949 [main] DEBUG org.apache.http.wire - http-outgoing-2 << "x-content-type-options: nosniff[\r][\n]"
03:46:17.950 [main] DEBUG org.apache.http.wire - http-outgoing-2 << "x-powered-by: Express[\r][\n]"
03:46:17.950 [main] DEBUG org.apache.http.wire - http-outgoing-2 << "x-ratelimit-limit: 1000[\r][\n]"
03:46:17.950 [main] DEBUG org.apache.http.wire - http-outgoing-2 << "x-ratelimit-remaining: 998[\r][\n]"
03:46:17.950 [main] DEBUG org.apache.http.wire - http-outgoing-2 << "x-ratelimit-reset: 1774774046[\r][\n]"
03:46:17.950 [main] DEBUG org.apache.http.wire - http-outgoing-2 << "cf-cache-status: DYNAMIC[\r][\n]"
03:46:17.950 [main] DEBUG org.apache.http.wire - http-outgoing-2 << "Server-Timing: cfCacheStatus;desc="DYNAMIC"[\r][\n]"
03:46:17.950 [main] DEBUG org.apache.http.wire - http-outgoing-2 << "Server-Timing: cfEdge;dur=13,cfOrigin;dur=85[\r][\n]"
03:46:17.950 [main] DEBUG org.apache.http.wire - http-outgoing-2 << "Content-Encoding: gzip[\r][\n]"
03:46:17.950 [main] DEBUG org.apache.http.wire - http-outgoing-2 << "CF-RAY: 9e3d9b832d63cc72-TPA[\r][\n]"
03:46:17.950 [main] DEBUG org.apache.http.wire - http-outgoing-2 << "alt-svc: h3=":443"; ma=86400[\r][\n]"
03:46:17.950 [main] DEBUG org.apache.http.wire - http-outgoing-2 << "[\r][\n]"
03:46:17.950 [main] DEBUG org.apache.http.wire - http-outgoing-2 << "4d[\r][\n]"
03:46:17.951 [main] DEBUG org.apache.http.wire - http-outgoing-2 << "[0x1f][0x8b][0x8][0x0][0x0][0x0][0x0][0x0][0x0][0xff][0xab][0xe6]RPP[0xca]K[0xcc]MU[0xb2]RP[0xf2]J,[0xcb]L-R[0x8]J-,M[0xcd][0xca]W[0xf0]+M-[0xcb]W[0x8]tUHIUp[0xcd]K[0xce]/JT[0xd2][0x1])[0xcf]L[0x1]*6[0xe2][0xaa][0x5][0x0][0xb0][0xad]5[0xe6]<[0x0][0x0][0x0][\r][\n]"
03:46:17.951 [main] DEBUG org.apache.http.headers - http-outgoing-2 << HTTP/1.1 200 OK
03:46:17.951 [main] DEBUG org.apache.http.headers - http-outgoing-2 << Date: Sun, 29 Mar 2026 08:47:01 GMT
03:46:17.951 [main] DEBUG org.apache.http.headers - http-outgoing-2 << Content-Type: application/json; charset=utf-8
03:46:17.951 [main] DEBUG org.apache.http.headers - http-outgoing-2 << Transfer-Encoding: chunked
03:46:17.951 [main] DEBUG org.apache.http.headers - http-outgoing-2 << Connection: keep-alive
03:46:17.952 [main] DEBUG org.apache.http.headers - http-outgoing-2 << access-control-allow-credentials: true
03:46:17.952 [main] DEBUG org.apache.http.headers - http-outgoing-2 << Cache-Control: no-cache
03:46:17.952 [main] DEBUG org.apache.http.headers - http-outgoing-2 << etag: W/"3c-m+DK57X9ke8+0LLquO8UFXDpyLw"
03:46:17.952 [main] DEBUG org.apache.http.headers - http-outgoing-2 << expires: -1
03:46:17.952 [main] DEBUG org.apache.http.headers - http-outgoing-2 << nel: {"report_to":"heroku-nel","response_headers":["Via"],"max_age":3600,"success_fraction":0.01,"failure_fraction":0.1}
03:46:17.952 [main] DEBUG org.apache.http.headers - http-outgoing-2 << pragma: no-cache
03:46:17.952 [main] DEBUG org.apache.http.headers - http-outgoing-2 << report-to: {"group":"heroku-nel","endpoints":[{"url":"https://nel.heroku.com/reports?s=gZt%2FAJtZx0WC%2BBhQJdC%2Fgi%2Bh1hNt%2B9UHnv5oDMdKfo4%3D\u0026sid=e11707d5-02a7-43ef-b45e-2cf4d2036f7d\u0026ts=1774774021"}],"max_age":3600}
03:46:17.952 [main] DEBUG org.apache.http.headers - http-outgoing-2 << reporting-endpoints: heroku-nel="https://nel.heroku.com/reports?s=gZt%2FAJtZx0WC%2BBhQJdC%2Fgi%2Bh1hNt%2B9UHnv5oDMdKfo4%3D&sid=e11707d5-02a7-43ef-b45e-2cf4d2036f7d&ts=1774774021"
03:46:17.952 [main] DEBUG org.apache.http.headers - http-outgoing-2 << Server: cloudflare
03:46:17.952 [main] DEBUG org.apache.http.headers - http-outgoing-2 << vary: Origin, Accept-Encoding
03:46:17.952 [main] DEBUG org.apache.http.headers - http-outgoing-2 << via: 2.0 heroku-router
03:46:17.952 [main] DEBUG org.apache.http.headers - http-outgoing-2 << x-content-type-options: nosniff
03:46:17.952 [main] DEBUG org.apache.http.headers - http-outgoing-2 << x-powered-by: Express
03:46:17.952 [main] DEBUG org.apache.http.headers - http-outgoing-2 << x-ratelimit-limit: 1000
03:46:17.952 [main] DEBUG org.apache.http.headers - http-outgoing-2 << x-ratelimit-remaining: 998
03:46:17.952 [main] DEBUG org.apache.http.headers - http-outgoing-2 << x-ratelimit-reset: 1774774046
03:46:17.953 [main] DEBUG org.apache.http.headers - http-outgoing-2 << cf-cache-status: DYNAMIC
03:46:17.953 [main] DEBUG org.apache.http.headers - http-outgoing-2 << Server-Timing: cfCacheStatus;desc="DYNAMIC"
03:46:17.953 [main] DEBUG org.apache.http.headers - http-outgoing-2 << Server-Timing: cfEdge;dur=13,cfOrigin;dur=85
03:46:17.953 [main] DEBUG org.apache.http.headers - http-outgoing-2 << Content-Encoding: gzip
03:46:17.953 [main] DEBUG org.apache.http.headers - http-outgoing-2 << CF-RAY: 9e3d9b832d63cc72-TPA
03:46:17.953 [main] DEBUG org.apache.http.headers - http-outgoing-2 << alt-svc: h3=":443"; ma=86400
03:46:17.953 [main] DEBUG org.apache.http.impl.execchain.MainClientExec - Connection can be kept alive indefinitely
03:46:17.954 [main] DEBUG org.apache.http.impl.conn.DefaultManagedHttpClientConnection - http-outgoing-2: Close connection
03:46:17.956 [main] DEBUG org.apache.http.impl.execchain.MainClientExec - Connection discarded
03:46:17.956 [main] DEBUG org.apache.http.impl.conn.PoolingHttpClientConnectionManager - Connection released: [id: 2][route: {s}->https://jsonplaceholder.typicode.com:443][total available: 0; route allocated: 0 of 5; total allocated: 0 of 10]
03:46:17.957 [main] DEBUG org.apache.http.impl.conn.PoolingHttpClientConnectionManager - Connection manager is shutting down
03:46:17.957 [main] DEBUG org.apache.http.impl.conn.PoolingHttpClientConnectionManager - Connection manager shut down
03:46:17.957 [main] DEBUG com.intuit.karate - response time in milliseconds: 354
1 < 200
1 < Date: Sun, 29 Mar 2026 08:47:01 GMT
1 < Content-Type: application/json; charset=utf-8
1 < Transfer-Encoding: chunked
1 < Connection: keep-alive
1 < access-control-allow-credentials: true
1 < Cache-Control: no-cache
1 < etag: W/"3c-m+DK57X9ke8+0LLquO8UFXDpyLw"
1 < expires: -1
1 < nel: {"report_to":"heroku-nel","response_headers":["Via"],"max_age":3600,"success_fraction":0.01,"failure_fraction":0.1}
1 < pragma: no-cache
1 < report-to: {"group":"heroku-nel","endpoints":[{"url":"https://nel.heroku.com/reports?s=gZt%2FAJtZx0WC%2BBhQJdC%2Fgi%2Bh1hNt%2B9UHnv5oDMdKfo4%3D\u0026sid=e11707d5-02a7-43ef-b45e-2cf4d2036f7d\u0026ts=1774774021"}],"max_age":3600}
1 < reporting-endpoints: heroku-nel="https://nel.heroku.com/reports?s=gZt%2FAJtZx0WC%2BBhQJdC%2Fgi%2Bh1hNt%2B9UHnv5oDMdKfo4%3D&sid=e11707d5-02a7-43ef-b45e-2cf4d2036f7d&ts=1774774021"
1 < Server: cloudflare
1 < vary: Origin, Accept-Encoding
1 < via: 2.0 heroku-router
1 < x-content-type-options: nosniff
1 < x-powered-by: Express
1 < x-ratelimit-limit: 1000
1 < x-ratelimit-remaining: 998
1 < x-ratelimit-reset: 1774774046
1 < cf-cache-status: DYNAMIC
1 < Server-Timing: cfCacheStatus;desc="DYNAMIC"
1 < Server-Timing: cfEdge;dur=13,cfOrigin;dur=85
1 < CF-RAY: 9e3d9b832d63cc72-TPA
1 < alt-svc: h3=":443"; ma=86400
{
  "name": "Javier Requejo Nuevo QE de Encora",
  "id": 2
}

03:46:17.964 [main] DEBUG com.jayway.jsonpath.internal.path.CompiledPath - Evaluating path: $['name']
03:46:17.968 [main] INFO com.intuit.karate - [print] {
  "name": "Javier Requejo Nuevo QE de Encora",
  "id": 2
}
 
]]></system-out>
  </testcase>
  <testcase name="[4:29] Eliminar usuario" classname="users" time="2.144">
    <system-out><![CDATA[03:46:18.007 [main] DEBUG com.jayway.jsonpath.internal.path.CompiledPath - Evaluating path: $
03:46:18.009 [main] DEBUG org.apache.http.client.protocol.RequestAddCookies - CookieSpec selected: karate
03:46:18.009 [main] DEBUG org.apache.http.client.protocol.RequestAuthCache - Auth cache not set in the context
03:46:18.009 [main] DEBUG com.intuit.karate - request:
1 > DELETE https://jsonplaceholder.typicode.com/users/2
1 > User-Agent: Mozilla/5.0 (Windows NT 10.0; Win64; x64) AppleWebKit/537.36
1 > Host: jsonplaceholder.typicode.com
1 > Connection: Keep-Alive
1 > Accept-Encoding: gzip,deflate


03:46:18.009 [main] DEBUG org.apache.http.impl.conn.PoolingHttpClientConnectionManager - Connection request: [route: {s}->https://jsonplaceholder.typicode.com:443][total available: 0; route allocated: 0 of 5; total allocated: 0 of 10]
03:46:18.009 [main] DEBUG org.apache.http.impl.conn.PoolingHttpClientConnectionManager - Connection leased: [id: 3][route: {s}->https://jsonplaceholder.typicode.com:443][total available: 0; route allocated: 1 of 5; total allocated: 1 of 10]
03:46:18.009 [main] DEBUG org.apache.http.impl.execchain.MainClientExec - Opening connection {s}->https://jsonplaceholder.typicode.com:443
03:46:18.010 [main] DEBUG org.apache.http.impl.conn.DefaultHttpClientConnectionOperator - Connecting to jsonplaceholder.typicode.com/172.67.167.151:443
03:46:18.010 [main] DEBUG org.apache.http.conn.ssl.SSLConnectionSocketFactory - Connecting socket to jsonplaceholder.typicode.com/172.67.167.151:443 with timeout 5000
03:46:18.082 [main] DEBUG org.apache.http.conn.ssl.SSLConnectionSocketFactory - Enabled protocols: [TLSv1.3, TLSv1.2]
03:46:18.082 [main] DEBUG org.apache.http.conn.ssl.SSLConnectionSocketFactory - Enabled cipher suites:[TLS_AES_256_GCM_SHA384, TLS_AES_128_GCM_SHA256, TLS_CHACHA20_POLY1305_SHA256, TLS_ECDHE_ECDSA_WITH_AES_256_GCM_SHA384, TLS_ECDHE_ECDSA_WITH_AES_128_GCM_SHA256, TLS_ECDHE_ECDSA_WITH_CHACHA20_POLY1305_SHA256, TLS_ECDHE_RSA_WITH_AES_256_GCM_SHA384, TLS_ECDHE_RSA_WITH_CHACHA20_POLY1305_SHA256, TLS_ECDHE_RSA_WITH_AES_128_GCM_SHA256, TLS_DHE_RSA_WITH_AES_256_GCM_SHA384, TLS_DHE_RSA_WITH_CHACHA20_POLY1305_SHA256, TLS_DHE_DSS_WITH_AES_256_GCM_SHA384, TLS_DHE_RSA_WITH_AES_128_GCM_SHA256, TLS_DHE_DSS_WITH_AES_128_GCM_SHA256, TLS_ECDHE_ECDSA_WITH_AES_256_CBC_SHA384, TLS_ECDHE_RSA_WITH_AES_256_CBC_SHA384, TLS_ECDHE_ECDSA_WITH_AES_128_CBC_SHA256, TLS_ECDHE_RSA_WITH_AES_128_CBC_SHA256, TLS_DHE_RSA_WITH_AES_256_CBC_SHA256, TLS_DHE_DSS_WITH_AES_256_CBC_SHA256, TLS_DHE_RSA_WITH_AES_128_CBC_SHA256, TLS_DHE_DSS_WITH_AES_128_CBC_SHA256, TLS_ECDHE_ECDSA_WITH_AES_256_CBC_SHA, TLS_ECDHE_RSA_WITH_AES_256_CBC_SHA, TLS_ECDHE_ECDSA_WITH_AES_128_CBC_SHA, TLS_ECDHE_RSA_WITH_AES_128_CBC_SHA, TLS_DHE_RSA_WITH_AES_256_CBC_SHA, TLS_DHE_DSS_WITH_AES_256_CBC_SHA, TLS_DHE_RSA_WITH_AES_128_CBC_SHA, TLS_DHE_DSS_WITH_AES_128_CBC_SHA, TLS_EMPTY_RENEGOTIATION_INFO_SCSV]
03:46:18.082 [main] DEBUG org.apache.http.conn.ssl.SSLConnectionSocketFactory - Starting handshake
03:46:18.165 [main] DEBUG org.apache.http.conn.ssl.SSLConnectionSocketFactory - Secure session established
03:46:18.166 [main] DEBUG org.apache.http.conn.ssl.SSLConnectionSocketFactory -  negotiated protocol: TLSv1.3
03:46:18.166 [main] DEBUG org.apache.http.conn.ssl.SSLConnectionSocketFactory -  negotiated cipher suite: TLS_AES_256_GCM_SHA384
03:46:18.166 [main] DEBUG org.apache.http.conn.ssl.SSLConnectionSocketFactory -  peer principal: CN=typicode.com
03:46:18.166 [main] DEBUG org.apache.http.conn.ssl.SSLConnectionSocketFactory -  peer alternative names: [typicode.com, *.typicode.com]
03:46:18.166 [main] DEBUG org.apache.http.conn.ssl.SSLConnectionSocketFactory -  issuer principal: CN=WE1, O=Google Trust Services, C=US
03:46:18.166 [main] DEBUG org.apache.http.impl.conn.DefaultHttpClientConnectionOperator - Connection established 192.168.1.17:56789<->172.67.167.151:443
03:46:18.166 [main] DEBUG org.apache.http.impl.conn.DefaultManagedHttpClientConnection - http-outgoing-3: set socket timeout to 5000
03:46:18.166 [main] DEBUG org.apache.http.impl.execchain.MainClientExec - Executing request DELETE /users/2 HTTP/1.1
03:46:18.166 [main] DEBUG org.apache.http.impl.execchain.MainClientExec - Target auth state: UNCHALLENGED
03:46:18.166 [main] DEBUG org.apache.http.impl.execchain.MainClientExec - Proxy auth state: UNCHALLENGED
03:46:18.166 [main] DEBUG org.apache.http.headers - http-outgoing-3 >> DELETE /users/2 HTTP/1.1
03:46:18.166 [main] DEBUG org.apache.http.headers - http-outgoing-3 >> User-Agent: Mozilla/5.0 (Windows NT 10.0; Win64; x64) AppleWebKit/537.36
03:46:18.166 [main] DEBUG org.apache.http.headers - http-outgoing-3 >> Host: jsonplaceholder.typicode.com
03:46:18.166 [main] DEBUG org.apache.http.headers - http-outgoing-3 >> Connection: Keep-Alive
03:46:18.166 [main] DEBUG org.apache.http.headers - http-outgoing-3 >> Accept-Encoding: gzip,deflate
03:46:18.166 [main] DEBUG org.apache.http.wire - http-outgoing-3 >> "DELETE /users/2 HTTP/1.1[\r][\n]"
03:46:18.166 [main] DEBUG org.apache.http.wire - http-outgoing-3 >> "User-Agent: Mozilla/5.0 (Windows NT 10.0; Win64; x64) AppleWebKit/537.36[\r][\n]"
03:46:18.166 [main] DEBUG org.apache.http.wire - http-outgoing-3 >> "Host: jsonplaceholder.typicode.com[\r][\n]"
03:46:18.167 [main] DEBUG org.apache.http.wire - http-outgoing-3 >> "Connection: Keep-Alive[\r][\n]"
03:46:18.167 [main] DEBUG org.apache.http.wire - http-outgoing-3 >> "Accept-Encoding: gzip,deflate[\r][\n]"
03:46:18.167 [main] DEBUG org.apache.http.wire - http-outgoing-3 >> "[\r][\n]"
03:46:18.279 [main] DEBUG org.apache.http.wire - http-outgoing-3 << "HTTP/1.1 200 OK[\r][\n]"
03:46:18.279 [main] DEBUG org.apache.http.wire - http-outgoing-3 << "Date: Sun, 29 Mar 2026 08:47:02 GMT[\r][\n]"
03:46:18.279 [main] DEBUG org.apache.http.wire - http-outgoing-3 << "Content-Type: application/json; charset=utf-8[\r][\n]"
03:46:18.279 [main] DEBUG org.apache.http.wire - http-outgoing-3 << "Content-Length: 2[\r][\n]"
03:46:18.279 [main] DEBUG org.apache.http.wire - http-outgoing-3 << "Connection: keep-alive[\r][\n]"
03:46:18.280 [main] DEBUG org.apache.http.wire - http-outgoing-3 << "access-control-allow-credentials: true[\r][\n]"
03:46:18.280 [main] DEBUG org.apache.http.wire - http-outgoing-3 << "Cache-Control: no-cache[\r][\n]"
03:46:18.280 [main] DEBUG org.apache.http.wire - http-outgoing-3 << "etag: W/"2-vyGp6PvFo4RvsFtPoIWeCReyIC8"[\r][\n]"
03:46:18.280 [main] DEBUG org.apache.http.wire - http-outgoing-3 << "expires: -1[\r][\n]"
03:46:18.280 [main] DEBUG org.apache.http.wire - http-outgoing-3 << "nel: {"report_to":"heroku-nel","response_headers":["Via"],"max_age":3600,"success_fraction":0.01,"failure_fraction":0.1}[\r][\n]"
03:46:18.280 [main] DEBUG org.apache.http.wire - http-outgoing-3 << "pragma: no-cache[\r][\n]"
03:46:18.280 [main] DEBUG org.apache.http.wire - http-outgoing-3 << "report-to: {"group":"heroku-nel","endpoints":[{"url":"https://nel.heroku.com/reports?s=c1f9w%2FJFwVQlG6HlfI4r0y%2BwbHpoW1IuaKqVjvGUY%2Bg%3D\u0026sid=e11707d5-02a7-43ef-b45e-2cf4d2036f7d\u0026ts=1774774022"}],"max_age":3600}[\r][\n]"
03:46:18.281 [main] DEBUG org.apache.http.wire - http-outgoing-3 << "reporting-endpoints: heroku-nel="https://nel.heroku.com/reports?s=c1f9w%2FJFwVQlG6HlfI4r0y%2BwbHpoW1IuaKqVjvGUY%2Bg%3D&sid=e11707d5-02a7-43ef-b45e-2cf4d2036f7d&ts=1774774022"[\r][\n]"
03:46:18.281 [main] DEBUG org.apache.http.wire - http-outgoing-3 << "Server: cloudflare[\r][\n]"
03:46:18.281 [main] DEBUG org.apache.http.wire - http-outgoing-3 << "vary: Origin, Accept-Encoding[\r][\n]"
03:46:18.281 [main] DEBUG org.apache.http.wire - http-outgoing-3 << "via: 2.0 heroku-router[\r][\n]"
03:46:18.281 [main] DEBUG org.apache.http.wire - http-outgoing-3 << "x-content-type-options: nosniff[\r][\n]"
03:46:18.281 [main] DEBUG org.apache.http.wire - http-outgoing-3 << "x-powered-by: Express[\r][\n]"
03:46:18.281 [main] DEBUG org.apache.http.wire - http-outgoing-3 << "x-ratelimit-limit: 1000[\r][\n]"
03:46:18.281 [main] DEBUG org.apache.http.wire - http-outgoing-3 << "x-ratelimit-remaining: 997[\r][\n]"
03:46:18.281 [main] DEBUG org.apache.http.wire - http-outgoing-3 << "x-ratelimit-reset: 1774774046[\r][\n]"
03:46:18.281 [main] DEBUG org.apache.http.wire - http-outgoing-3 << "cf-cache-status: DYNAMIC[\r][\n]"
03:46:18.281 [main] DEBUG org.apache.http.wire - http-outgoing-3 << "Server-Timing: cfCacheStatus;desc="DYNAMIC"[\r][\n]"
03:46:18.281 [main] DEBUG org.apache.http.wire - http-outgoing-3 << "Server-Timing: cfEdge;dur=4,cfOrigin;dur=25[\r][\n]"
03:46:18.281 [main] DEBUG org.apache.http.wire - http-outgoing-3 << "CF-RAY: 9e3d9b85a95fa4be-MIA[\r][\n]"
03:46:18.282 [main] DEBUG org.apache.http.wire - http-outgoing-3 << "alt-svc: h3=":443"; ma=86400[\r][\n]"
03:46:18.282 [main] DEBUG org.apache.http.wire - http-outgoing-3 << "[\r][\n]"
03:46:18.282 [main] DEBUG org.apache.http.wire - http-outgoing-3 << "{}"
03:46:18.282 [main] DEBUG org.apache.http.headers - http-outgoing-3 << HTTP/1.1 200 OK
03:46:18.282 [main] DEBUG org.apache.http.headers - http-outgoing-3 << Date: Sun, 29 Mar 2026 08:47:02 GMT
03:46:18.282 [main] DEBUG org.apache.http.headers - http-outgoing-3 << Content-Type: application/json; charset=utf-8
03:46:18.282 [main] DEBUG org.apache.http.headers - http-outgoing-3 << Content-Length: 2
03:46:18.283 [main] DEBUG org.apache.http.headers - http-outgoing-3 << Connection: keep-alive
03:46:18.283 [main] DEBUG org.apache.http.headers - http-outgoing-3 << access-control-allow-credentials: true
03:46:18.283 [main] DEBUG org.apache.http.headers - http-outgoing-3 << Cache-Control: no-cache
03:46:18.283 [main] DEBUG org.apache.http.headers - http-outgoing-3 << etag: W/"2-vyGp6PvFo4RvsFtPoIWeCReyIC8"
03:46:18.283 [main] DEBUG org.apache.http.headers - http-outgoing-3 << expires: -1
03:46:18.283 [main] DEBUG org.apache.http.headers - http-outgoing-3 << nel: {"report_to":"heroku-nel","response_headers":["Via"],"max_age":3600,"success_fraction":0.01,"failure_fraction":0.1}
03:46:18.283 [main] DEBUG org.apache.http.headers - http-outgoing-3 << pragma: no-cache
03:46:18.283 [main] DEBUG org.apache.http.headers - http-outgoing-3 << report-to: {"group":"heroku-nel","endpoints":[{"url":"https://nel.heroku.com/reports?s=c1f9w%2FJFwVQlG6HlfI4r0y%2BwbHpoW1IuaKqVjvGUY%2Bg%3D\u0026sid=e11707d5-02a7-43ef-b45e-2cf4d2036f7d\u0026ts=1774774022"}],"max_age":3600}
03:46:18.283 [main] DEBUG org.apache.http.headers - http-outgoing-3 << reporting-endpoints: heroku-nel="https://nel.heroku.com/reports?s=c1f9w%2FJFwVQlG6HlfI4r0y%2BwbHpoW1IuaKqVjvGUY%2Bg%3D&sid=e11707d5-02a7-43ef-b45e-2cf4d2036f7d&ts=1774774022"
03:46:18.283 [main] DEBUG org.apache.http.headers - http-outgoing-3 << Server: cloudflare
03:46:18.283 [main] DEBUG org.apache.http.headers - http-outgoing-3 << vary: Origin, Accept-Encoding
03:46:18.283 [main] DEBUG org.apache.http.headers - http-outgoing-3 << via: 2.0 heroku-router
03:46:18.283 [main] DEBUG org.apache.http.headers - http-outgoing-3 << x-content-type-options: nosniff
03:46:18.284 [main] DEBUG org.apache.http.headers - http-outgoing-3 << x-powered-by: Express
03:46:18.284 [main] DEBUG org.apache.http.headers - http-outgoing-3 << x-ratelimit-limit: 1000
03:46:18.284 [main] DEBUG org.apache.http.headers - http-outgoing-3 << x-ratelimit-remaining: 997
03:46:18.284 [main] DEBUG org.apache.http.headers - http-outgoing-3 << x-ratelimit-reset: 1774774046
03:46:18.284 [main] DEBUG org.apache.http.headers - http-outgoing-3 << cf-cache-status: DYNAMIC
03:46:18.284 [main] DEBUG org.apache.http.headers - http-outgoing-3 << Server-Timing: cfCacheStatus;desc="DYNAMIC"
03:46:18.284 [main] DEBUG org.apache.http.headers - http-outgoing-3 << Server-Timing: cfEdge;dur=4,cfOrigin;dur=25
03:46:18.284 [main] DEBUG org.apache.http.headers - http-outgoing-3 << CF-RAY: 9e3d9b85a95fa4be-MIA
03:46:18.284 [main] DEBUG org.apache.http.headers - http-outgoing-3 << alt-svc: h3=":443"; ma=86400
03:46:18.284 [main] DEBUG org.apache.http.impl.execchain.MainClientExec - Connection can be kept alive indefinitely
03:46:18.285 [main] DEBUG org.apache.http.impl.conn.PoolingHttpClientConnectionManager - Connection [id: 3][route: {s}->https://jsonplaceholder.typicode.com:443] can be kept alive indefinitely
03:46:18.285 [main] DEBUG org.apache.http.impl.conn.DefaultManagedHttpClientConnection - http-outgoing-3: set socket timeout to 0
03:46:18.285 [main] DEBUG org.apache.http.impl.conn.PoolingHttpClientConnectionManager - Connection released: [id: 3][route: {s}->https://jsonplaceholder.typicode.com:443][total available: 1; route allocated: 1 of 5; total allocated: 1 of 10]
03:46:18.285 [main] DEBUG org.apache.http.impl.conn.PoolingHttpClientConnectionManager - Connection manager is shutting down
03:46:18.285 [main] DEBUG org.apache.http.impl.conn.DefaultManagedHttpClientConnection - http-outgoing-3: Close connection
03:46:18.287 [main] DEBUG org.apache.http.impl.conn.PoolingHttpClientConnectionManager - Connection manager shut down
03:46:18.287 [main] DEBUG com.intuit.karate - response time in milliseconds: 276
1 < 200
1 < Date: Sun, 29 Mar 2026 08:47:02 GMT
1 < Content-Type: application/json; charset=utf-8
1 < Content-Length: 2
1 < Connection: keep-alive
1 < access-control-allow-credentials: true
1 < Cache-Control: no-cache
1 < etag: W/"2-vyGp6PvFo4RvsFtPoIWeCReyIC8"
1 < expires: -1
1 < nel: {"report_to":"heroku-nel","response_headers":["Via"],"max_age":3600,"success_fraction":0.01,"failure_fraction":0.1}
1 < pragma: no-cache
1 < report-to: {"group":"heroku-nel","endpoints":[{"url":"https://nel.heroku.com/reports?s=c1f9w%2FJFwVQlG6HlfI4r0y%2BwbHpoW1IuaKqVjvGUY%2Bg%3D\u0026sid=e11707d5-02a7-43ef-b45e-2cf4d2036f7d\u0026ts=1774774022"}],"max_age":3600}
1 < reporting-endpoints: heroku-nel="https://nel.heroku.com/reports?s=c1f9w%2FJFwVQlG6HlfI4r0y%2BwbHpoW1IuaKqVjvGUY%2Bg%3D&sid=e11707d5-02a7-43ef-b45e-2cf4d2036f7d&ts=1774774022"
1 < Server: cloudflare
1 < vary: Origin, Accept-Encoding
1 < via: 2.0 heroku-router
1 < x-content-type-options: nosniff
1 < x-powered-by: Express
1 < x-ratelimit-limit: 1000
1 < x-ratelimit-remaining: 997
1 < x-ratelimit-reset: 1774774046
1 < cf-cache-status: DYNAMIC
1 < Server-Timing: cfCacheStatus;desc="DYNAMIC"
1 < Server-Timing: cfEdge;dur=4,cfOrigin;dur=25
1 < CF-RAY: 9e3d9b85a95fa4be-MIA
1 < alt-svc: h3=":443"; ma=86400
{}

03:46:18.295 [main] INFO com.intuit.karate - [print] Usuario eliminado exitosamente 
03:46:18.393 [main] DEBUG org.thymeleaf.TemplateEngine - [THYMELEAF] INITIALIZING TEMPLATE ENGINE
03:46:18.564 [main] DEBUG org.thymeleaf.TemplateEngine.CONFIG - Initializing Thymeleaf Template engine configuration...
[THYMELEAF] TEMPLATE ENGINE CONFIGURATION:
[THYMELEAF] * Thymeleaf version: 3.0.14.RELEASE (built 2021-12-08T00:45:29+0000)
[THYMELEAF] * Cache Manager implementation: org.thymeleaf.cache.StandardCacheManager
[THYMELEAF] * Template resolvers:
[THYMELEAF]     * [1] com.intuit.karate.template.ResourceHtmlTemplateResolver
[THYMELEAF] * Message resolvers:
[THYMELEAF]     * org.thymeleaf.messageresolver.StandardMessageResolver
[THYMELEAF] * Link builders:
[THYMELEAF]     * org.thymeleaf.linkbuilder.StandardLinkBuilder
[THYMELEAF] * Dialect [1 of 2]: Standard (com.intuit.karate.template.KarateStandardDialect)
[THYMELEAF]     * Prefix: "th"
[THYMELEAF]     * Processors for Template Mode: HTML
[THYMELEAF]         * Element Tag Processors by [matching element and attribute name] [precedence]:
[THYMELEAF]             * [* {th:include,data-th-include}] [100]: org.thymeleaf.standard.processor.StandardIncludeTagProcessor
[THYMELEAF]             * [* {th:insert,data-th-insert}] [100]: org.thymeleaf.standard.processor.StandardInsertTagProcessor
[THYMELEAF]             * [* {th:replace,data-th-replace}] [100]: org.thymeleaf.standard.processor.StandardReplaceTagProcessor
[THYMELEAF]             * [* {th:substituteby,data-th-substituteby}] [100]: org.thymeleaf.standard.processor.StandardSubstituteByTagProcessor
[THYMELEAF]             * [* {th:each,data-th-each}] [200]: com.intuit.karate.template.KarateEachTagProcessor
[THYMELEAF]             * [* {th:switch,data-th-switch}] [250]: org.thymeleaf.standard.processor.StandardSwitchTagProcessor
[THYMELEAF]             * [* {th:case,data-th-case}] [275]: org.thymeleaf.standard.processor.StandardCaseTagProcessor
[THYMELEAF]             * [* {th:if,data-th-if}] [300]: org.thymeleaf.standard.processor.StandardIfTagProcessor
[THYMELEAF]             * [* {th:unless,data-th-unless}] [400]: org.thymeleaf.standard.processor.StandardUnlessTagProcessor
[THYMELEAF]             * [* {th:object,data-th-object}] [500]: org.thymeleaf.standard.processor.StandardObjectTagProcessor
[THYMELEAF]             * [* {th:with,data-th-with}] [600]: com.intuit.karate.template.KarateWithTagProcessor
[THYMELEAF]             * [* {th:attr,data-th-attr}] [700]: com.intuit.karate.template.KarateAttributeTagProcessor.KarateAttrTagProcessor
[THYMELEAF]             * [* {th:attrappend,data-th-attrappend}] [900]: com.intuit.karate.template.KarateAttributeTagProcessor.KarateAttrappendTagProcessor
[THYMELEAF]             * [* {th:attrprepend,data-th-attrprepend}] [900]: com.intuit.karate.template.KarateAttributeTagProcessor.KarateAttrprependTagProcessor
[THYMELEAF]             * [* {th:alt-title,data-th-alt-title}] [990]: org.thymeleaf.standard.processor.StandardAltTitleTagProcessor
[THYMELEAF]             * [* {th:lang-xmllang,data-th-lang-xmllang}] [990]: org.thymeleaf.standard.processor.StandardLangXmlLangTagProcessor
[THYMELEAF]             * [* {th:action,data-th-action}] [1000]: org.thymeleaf.standard.processor.StandardActionTagProcessor
[THYMELEAF]             * [* {th:open,data-th-open}] [1000]: org.thymeleaf.standard.processor.StandardConditionalFixedValueTagProcessor
[THYMELEAF]             * [* {th:loop,data-th-loop}] [1000]: org.thymeleaf.standard.processor.StandardConditionalFixedValueTagProcessor
[THYMELEAF]             * [* {th:autoplay,data-th-autoplay}] [1000]: org.thymeleaf.standard.processor.StandardConditionalFixedValueTagProcessor
[THYMELEAF]             * [* {th:required,data-th-required}] [1000]: org.thymeleaf.standard.processor.StandardConditionalFixedValueTagProcessor
[THYMELEAF]             * [* {th:readonly,data-th-readonly}] [1000]: org.thymeleaf.standard.processor.StandardConditionalFixedValueTagProcessor
[THYMELEAF]             * [* {th:pubdate,data-th-pubdate}] [1000]: org.thymeleaf.standard.processor.StandardConditionalFixedValueTagProcessor
[THYMELEAF]             * [* {th:selected,data-th-selected}] [1000]: org.thymeleaf.standard.processor.StandardConditionalFixedValueTagProcessor
[THYMELEAF]             * [* {th:reversed,data-th-reversed}] [1000]: org.thymeleaf.standard.processor.StandardConditionalFixedValueTagProcessor
[THYMELEAF]             * [* {th:nowrap,data-th-nowrap}] [1000]: org.thymeleaf.standard.processor.StandardConditionalFixedValueTagProcessor
[THYMELEAF]             * [* {th:scoped,data-th-scoped}] [1000]: org.thymeleaf.standard.processor.StandardConditionalFixedValueTagProcessor
[THYMELEAF]             * [* {th:disabled,data-th-disabled}] [1000]: org.thymeleaf.standard.processor.StandardConditionalFixedValueTagProcessor
[THYMELEAF]             * [* {th:novalidate,data-th-novalidate}] [1000]: org.thymeleaf.standard.processor.StandardConditionalFixedValueTagProcessor
[THYMELEAF]             * [* {th:autofocus,data-th-autofocus}] [1000]: org.thymeleaf.standard.processor.StandardConditionalFixedValueTagProcessor
[THYMELEAF]             * [* {th:formnovalidate,data-th-formnovalidate}] [1000]: org.thymeleaf.standard.processor.StandardConditionalFixedValueTagProcessor
[THYMELEAF]             * [* {th:seamless,data-th-seamless}] [1000]: org.thymeleaf.standard.processor.StandardConditionalFixedValueTagProcessor
[THYMELEAF]             * [* {th:ismap,data-th-ismap}] [1000]: org.thymeleaf.standard.processor.StandardConditionalFixedValueTagProcessor
[...]
[THYMELEAF]             * [* {th:dir,data-th-dir}] [1000]: org.thymeleaf.standard.processor.StandardRemovableAttributeTagProcessor
[THYMELEAF]             * [* {th:title,data-th-title}] [1000]: org.thymeleaf.standard.processor.StandardRemovableAttributeTagProcessor
[THYMELEAF]             * [* {th:classid,data-th-classid}] [1000]: org.thymeleaf.standard.processor.StandardRemovableAttributeTagProcessor
[THYMELEAF]             * [* {th:start,data-th-start}] [1000]: org.thymeleaf.standard.processor.StandardRemovableAttributeTagProcessor
[THYMELEAF]             * [* {th:longdesc,data-th-longdesc}] [1000]: org.thymeleaf.standard.processor.StandardRemovableAttributeTagProcessor
[THYMELEAF]             * [* {th:standby,data-th-standby}] [1000]: org.thymeleaf.standard.processor.StandardRemovableAttributeTagProcessor
[THYMELEAF]             * [* {th:media,data-th-media}] [1000]: org.thymeleaf.standard.processor.StandardRemovableAttributeTagProcessor
[THYMELEAF]             * [* {th:sandbox,data-th-sandbox}] [1000]: org.thymeleaf.standard.processor.StandardRemovableAttributeTagProcessor
[THYMELEAF]             * [* {th:codebase,data-th-codebase}] [1000]: org.thymeleaf.standard.processor.StandardRemovableAttributeTagProcessor
[THYMELEAF]             * [* {th:class,data-th-class}] [1000]: org.thymeleaf.standard.processor.StandardRemovableAttributeTagProcessor
[THYMELEAF]             * [* {th:hreflang,data-th-hreflang}] [1000]: org.thymeleaf.standard.processor.StandardRemovableAttributeTagProcessor
[THYMELEAF]             * [* {th:radiogroup,data-th-radiogroup}] [1000]: org.thymeleaf.standard.processor.StandardRemovableAttributeTagProcessor
[THYMELEAF]             * [* {th:step,data-th-step}] [1000]: org.thymeleaf.standard.processor.StandardRemovableAttributeTagProcessor
[THYMELEAF]             * [* {th:sizes,data-th-sizes}] [1000]: org.thymeleaf.standard.processor.StandardRemovableAttributeTagProcessor
[THYMELEAF]             * [* {th:lang,data-th-lang}] [1000]: org.thymeleaf.standard.processor.StandardRemovableAttributeTagProcessor
[THYMELEAF]             * [* {th:scope,data-th-scope}] [1000]: org.thymeleaf.standard.processor.StandardRemovableAttributeTagProcessor
[THYMELEAF]             * [* {th:align,data-th-align}] [1000]: org.thymeleaf.standard.processor.StandardRemovableAttributeTagProcessor
[THYMELEAF]             * [* {th:scrolling,data-th-scrolling}] [1000]: org.thymeleaf.standard.processor.StandardRemovableAttributeTagProcessor
[THYMELEAF]             * [* {th:datetime,data-th-datetime}] [1000]: org.thymeleaf.standard.processor.StandardRemovableAttributeTagProcessor
[THYMELEAF]             * [* {th:for,data-th-for}] [1000]: org.thymeleaf.standard.processor.StandardRemovableAttributeTagProcessor
[THYMELEAF]             * [* {th:codetype,data-th-codetype}] [1000]: org.thymeleaf.standard.processor.StandardRemovableAttributeTagProcessor
[THYMELEAF]             * [* {th:rows,data-th-rows}] [1000]: org.thymeleaf.standard.processor.StandardRemovableAttributeTagProcessor
[THYMELEAF]             * [* {th:cellpadding,data-th-cellpadding}] [1000]: org.thymeleaf.standard.processor.StandardRemovableAttributeTagProcessor
[THYMELEAF]             * [* {th:accept-charset,data-th-accept-charset}] [1000]: org.thymeleaf.standard.processor.StandardRemovableAttributeTagProcessor
[THYMELEAF]             * [* {th:preload,data-th-preload}] [1000]: org.thymeleaf.standard.processor.StandardRemovableAttributeTagProcessor
[THYMELEAF]             * [* {th:style,data-th-style}] [1000]: org.thymeleaf.standard.processor.StandardRemovableAttributeTagProcessor
[THYMELEAF]             * [* {th:cols,data-th-cols}] [1000]: org.thymeleaf.standard.processor.StandardRemovableAttributeTagProcessor
[THYMELEAF]             * [* {th:spellcheck,data-th-spellcheck}] [1000]: org.thymeleaf.standard.processor.StandardRemovableAttributeTagProcessor
[THYMELEAF]             * [* {th:audio,data-th-audio}] [1000]: org.thymeleaf.standard.processor.StandardRemovableAttributeTagProcessor
[THYMELEAF]             * [* {th:height,data-th-height}] [1000]: org.thymeleaf.standard.processor.StandardRemovableAttributeTagProcessor
[THYMELEAF]             * [* {th:challenge,data-th-challenge}] [1000]: org.thymeleaf.standard.processor.StandardRemovableAttributeTagProcessor
[THYMELEAF]             * [* {th:target,data-th-target}] [1000]: org.thymeleaf.standard.processor.StandardRemovableAttributeTagProcessor
[THYMELEAF]             * [* {th:list,data-th-list}] [1000]: org.thymeleaf.standard.processor.StandardRemovableAttributeTagProcessor
[THYMELEAF]             * [* {th:background,data-th-background}] [1000]: org.thymeleaf.standard.processor.StandardRemovableAttributeTagProcessor
[THYMELEAF]             * [* {th:low,data-th-low}] [1000]: org.thymeleaf.standard.processor.StandardRemovableAttributeTagProcessor
[THYMELEAF]             * [* {th:frameborder,data-th-frameborder}] [1000]: org.thymeleaf.standard.processor.StandardRemovableAttributeTagProcessor
[THYMELEAF]             * [* {th:rules,data-th-rules}] [1000]: org.thymeleaf.standard.processor.StandardRemovableAttributeTagProcessor
[THYMELEAF]             * [* {th:vspace,data-th-vspace}] [1000]: org.thymeleaf.standard.processor.StandardRemovableAttributeTagProcessor
[THYMELEAF]             * [* {th:src,data-th-src}] [1000]: org.thymeleaf.standard.processor.StandardSrcTagProcessor
[THYMELEAF]             * [* {th:value,data-th-value}] [1000]: org.thymeleaf.standard.processor.StandardValueTagProcessor
[THYMELEAF]             * [* {th:xmlbase,data-th-xmlbase}] [1000]: org.thymeleaf.standard.processor.StandardXmlBaseTagProcessor
[THYMELEAF]             * [* {th:xmllang,data-th-xmllang}] [1000]: org.thymeleaf.standard.processor.StandardXmlLangTagProcessor
[THYMELEAF]             * [* {xmlns:th}] [1000]: org.thymeleaf.standard.processor.StandardXmlNsTagProcessor
[THYMELEAF]             * [* {th:xmlspace,data-th-xmlspace}] [1000]: org.thymeleaf.standard.processor.StandardXmlSpaceTagProcessor
[THYMELEAF]             * [* {th:classappend,data-th-classappend}] [1100]: org.thymeleaf.standard.processor.StandardClassappendTagProcessor
[THYMELEAF]             * [* {th:styleappend,data-th-styleappend}] [1100]: org.thymeleaf.standard.processor.StandardStyleappendTagProcessor
[THYMELEAF]             * [* {th:text,data-th-text}] [1300]: org.thymeleaf.standard.processor.StandardTextTagProcessor
[THYMELEAF]             * [* {th:utext,data-th-utext}] [1400]: org.thymeleaf.standard.processor.StandardUtextTagProcessor
[THYMELEAF]             * [* {th:fragment,data-th-fragment}] [1500]: org.thymeleaf.standard.processor.StandardFragmentTagProcessor
[THYMELEAF]             * [* {th:assert,data-th-assert}] [1550]: org.thymeleaf.standard.processor.StandardAssertTagProcessor
[THYMELEAF]             * [* {th:remove,data-th-remove}] [1600]: org.thymeleaf.standard.processor.StandardRemoveTagProcessor
[THYMELEAF]             * [* {th:ref,data-th-ref}] [10000]: org.thymeleaf.standard.processor.StandardRefAttributeTagProcessor
[THYMELEAF]             * [{th:block,th-block} *] [100000]: org.thymeleaf.standard.processor.StandardBlockTagProcessor
[THYMELEAF]             * [* th:*] [2147483647]: org.thymeleaf.standard.processor.StandardDefaultAttributesTagProcessor
[THYMELEAF]         * Text Processors by [precedence]:
[THYMELEAF]             * [1000]: org.thymeleaf.standard.processor.StandardInliningTextProcessor
[THYMELEAF]         * DOCTYPE Processors by [precedence]:
[THYMELEAF]             * [1000]: org.thymeleaf.standard.processor.StandardTranslationDocTypeProcessor
[THYMELEAF]         * CDATA Section Processors by [precedence]:
[THYMELEAF]             * [1000]: org.thymeleaf.standard.processor.StandardInliningCDATASectionProcessor
[THYMELEAF]         * Comment Processors by [precedence]:
[THYMELEAF]             * [1000]: org.thymeleaf.standard.processor.StandardInliningCommentProcessor
[THYMELEAF]             * [1100]: org.thymeleaf.standard.processor.StandardConditionalCommentProcessor
[THYMELEAF]     * Processors for Template Mode: XML
[THYMELEAF]         * Element Tag Processors by [matching element and attribute name] [precedence]:
[THYMELEAF]             * [* {th:include}] [100]: org.thymeleaf.standard.processor.StandardIncludeTagProcessor
[THYMELEAF]             * [* {th:insert}] [100]: org.thymeleaf.standard.processor.StandardInsertTagProcessor
[THYMELEAF]             * [* {th:replace}] [100]: org.thymeleaf.standard.processor.StandardReplaceTagProcessor
[THYMELEAF]             * [* {th:substituteby}] [100]: org.thymeleaf.standard.processor.StandardSubstituteByTagProcessor
[THYMELEAF]             * [* {th:each}] [200]: com.intuit.karate.template.KarateEachTagProcessor
[THYMELEAF]             * [* {th:switch}] [250]: org.thymeleaf.standard.processor.StandardSwitchTagProcessor
[THYMELEAF]             * [* {th:case}] [275]: org.thymeleaf.standard.processor.StandardCaseTagProcessor
[THYMELEAF]             * [* {th:if}] [300]: org.thymeleaf.standard.processor.StandardIfTagProcessor
[THYMELEAF]             * [* {th:unless}] [400]: org.thymeleaf.standard.processor.StandardUnlessTagProcessor
[THYMELEAF]             * [* {th:object}] [500]: org.thymeleaf.standard.processor.StandardObjectTagProcessor
[THYMELEAF]             * [* {th:with}] [600]: com.intuit.karate.template.KarateWithTagProcessor
[THYMELEAF]             * [* {th:attr}] [700]: com.intuit.karate.template.KarateAttributeTagProcessor.KarateAttrTagProcessor
[THYMELEAF]             * [* {th:attrappend}] [900]: com.intuit.karate.template.KarateAttributeTagProcessor.KarateAttrappendTagProcessor
[THYMELEAF]             * [* {th:attrprepend}] [900]: com.intuit.karate.template.KarateAttributeTagProcessor.KarateAttrprependTagProcessor
[THYMELEAF]             * [* {th:inline}] [1000]: org.thymeleaf.standard.processor.StandardInlineXMLTagProcessor
[THYMELEAF]             * [* {xmlns:th}] [1000]: org.thymeleaf.standard.processor.StandardXmlNsTagProcessor
[THYMELEAF]             * [* {th:text}] [1300]: org.thymeleaf.standard.processor.StandardTextTagProcessor
[THYMELEAF]             * [* {th:utext}] [1400]: org.thymeleaf.standard.processor.StandardUtextTagProcessor
[THYMELEAF]             * [* {th:fragment}] [1500]: org.thymeleaf.standard.processor.StandardFragmentTagProcessor
[THYMELEAF]             * [* {th:assert}] [1550]: org.thymeleaf.standard.processor.StandardAssertTagProcessor
[THYMELEAF]             * [* {th:remove}] [1600]: org.thymeleaf.standard.processor.StandardRemoveTagProcessor
[THYMELEAF]             * [* {th:ref}] [10000]: org.thymeleaf.standard.processor.StandardRefAttributeTagProcessor
[THYMELEAF]             * [{th:block} *] [100000]: org.thymeleaf.standard.processor.StandardBlockTagProcessor
[THYMELEAF]             * [* th:*] [2147483647]: org.thymeleaf.standard.processor.StandardDefaultAttributesTagProcessor
[THYMELEAF]         * Text Processors by [precedence]:
[THYMELEAF]             * [1000]: org.thymeleaf.standard.processor.StandardInliningTextProcessor
[THYMELEAF]         * CDATA Section Processors by [precedence]:
[THYMELEAF]             * [1000]: org.thymeleaf.standard.processor.StandardInliningCDATASectionProcessor
[THYMELEAF]         * Comment Processors by [precedence]:
[THYMELEAF]             * [1000]: org.thymeleaf.standard.processor.StandardInliningCommentProcessor
[THYMELEAF]     * Processors for Template Mode: TEXT
[THYMELEAF]         * Element Tag Processors by [matching element and attribute name] [precedence]:
[THYMELEAF]             * [* {th:insert}] [100]: org.thymeleaf.standard.processor.StandardInsertTagProcessor
[THYMELEAF]             * [* {th:replace}] [100]: org.thymeleaf.standard.processor.StandardReplaceTagProcessor
[THYMELEAF]             * [* {th:each}] [200]: com.intuit.karate.template.KarateEachTagProcessor
[THYMELEAF]             * [* {th:switch}] [250]: org.thymeleaf.standard.processor.StandardSwitchTagProcessor
[THYMELEAF]             * [* {th:case}] [275]: org.thymeleaf.standard.processor.StandardCaseTagProcessor
[THYMELEAF]             * [* {th:if}] [300]: org.thymeleaf.standard.processor.StandardIfTagProcessor
[THYMELEAF]             * [* {th:unless}] [400]: org.thymeleaf.standard.processor.StandardUnlessTagProcessor
[THYMELEAF]             * [* {th:object}] [500]: org.thymeleaf.standard.processor.StandardObjectTagProcessor
[THYMELEAF]             * [* {th:with}] [600]: com.intuit.karate.template.KarateWithTagProcessor
[THYMELEAF]             * [* {th:inline}] [1000]: org.thymeleaf.standard.processor.StandardInlineTextualTagProcessor
[THYMELEAF]             * [* {th:text}] [1300]: org.thymeleaf.standard.processor.StandardTextTagProcessor
[THYMELEAF]             * [* {th:utext}] [1400]: org.thymeleaf.standard.processor.StandardUtextTagProcessor
[THYMELEAF]             * [* {th:assert}] [1550]: org.thymeleaf.standard.processor.StandardAssertTagProcessor
[THYMELEAF]             * [* {th:remove}] [1600]: org.thymeleaf.standard.processor.StandardRemoveTagProcessor
[THYMELEAF]             * [{th:block} *] [100000]: org.thymeleaf.standard.processor.StandardBlockTagProcessor
[THYMELEAF]             * [* 100000] [org.thymeleaf.standard.processor.StandardBlockTagProcessor]: {}
[THYMELEAF]         * Text Processors by [precedence]:
[THYMELEAF]             * [1000]: org.thymeleaf.standard.processor.StandardInliningTextProcessor
[THYMELEAF]     * Processors for Template Mode: JAVASCRIPT
[THYMELEAF]         * Element Tag Processors by [matching element and attribute name] [precedence]:
[THYMELEAF]             * [* {th:insert}] [100]: org.thymeleaf.standard.processor.StandardInsertTagProcessor
[THYMELEAF]             * [* {th:replace}] [100]: org.thymeleaf.standard.processor.StandardReplaceTagProcessor
[THYMELEAF]             * [* {th:each}] [200]: com.intuit.karate.template.KarateEachTagProcessor
[THYMELEAF]             * [* {th:switch}] [250]: org.thymeleaf.standard.processor.StandardSwitchTagProcessor
[THYMELEAF]             * [* {th:case}] [275]: org.thymeleaf.standard.processor.StandardCaseTagProcessor
[THYMELEAF]             * [* {th:if}] [300]: org.thymeleaf.standard.processor.StandardIfTagProcessor
[THYMELEAF]             * [* {th:unless}] [400]: org.thymeleaf.standard.processor.StandardUnlessTagProcessor
[THYMELEAF]             * [* {th:object}] [500]: org.thymeleaf.standard.processor.StandardObjectTagProcessor
[THYMELEAF]             * [* {th:with}] [600]: com.intuit.karate.template.KarateWithTagProcessor
[THYMELEAF]             * [* {th:inline}] [1000]: org.thymeleaf.standard.processor.StandardInlineTextualTagProcessor
[THYMELEAF]             * [* {th:text}] [1300]: org.thymeleaf.standard.processor.StandardTextTagProcessor
[THYMELEAF]             * [* {th:utext}] [1400]: org.thymeleaf.standard.processor.StandardUtextTagProcessor
[THYMELEAF]             * [* {th:assert}] [1550]: org.thymeleaf.standard.processor.StandardAssertTagProcessor
[THYMELEAF]             * [* {th:remove}] [1600]: org.thymeleaf.standard.processor.StandardRemoveTagProcessor
[THYMELEAF]             * [{th:block} *] [100000]: org.thymeleaf.standard.processor.StandardBlockTagProcessor
[THYMELEAF]             * [* 100000] [org.thymeleaf.standard.processor.StandardBlockTagProcessor]: {}
[THYMELEAF]         * Text Processors by [precedence]:
[THYMELEAF]             * [1000]: org.thymeleaf.standard.processor.StandardInliningTextProcessor
[THYMELEAF]     * Processors for Template Mode: CSS
[THYMELEAF]         * Element Tag Processors by [matching element and attribute name] [precedence]:
[THYMELEAF]             * [* {th:insert}] [100]: org.thymeleaf.standard.processor.StandardInsertTagProcessor
[THYMELEAF]             * [* {th:replace}] [100]: org.thymeleaf.standard.processor.StandardReplaceTagProcessor
[THYMELEAF]             * [* {th:each}] [200]: com.intuit.karate.template.KarateEachTagProcessor
[THYMELEAF]             * [* {th:switch}] [250]: org.thymeleaf.standard.processor.StandardSwitchTagProcessor
[THYMELEAF]             * [* {th:case}] [275]: org.thymeleaf.standard.processor.StandardCaseTagProcessor
[THYMELEAF]             * [* {th:if}] [300]: org.thymeleaf.standard.processor.StandardIfTagProcessor
[THYMELEAF]             * [* {th:unless}] [400]: org.thymeleaf.standard.processor.StandardUnlessTagProcessor
[THYMELEAF]             * [* {th:object}] [500]: org.thymeleaf.standard.processor.StandardObjectTagProcessor
[THYMELEAF]             * [* {th:with}] [600]: com.intuit.karate.template.KarateWithTagProcessor
[THYMELEAF]             * [* {th:inline}] [1000]: org.thymeleaf.standard.processor.StandardInlineTextualTagProcessor
[THYMELEAF]             * [* {th:text}] [1300]: org.thymeleaf.standard.processor.StandardTextTagProcessor
[THYMELEAF]             * [* {th:utext}] [1400]: org.thymeleaf.standard.processor.StandardUtextTagProcessor
[THYMELEAF]             * [* {th:assert}] [1550]: org.thymeleaf.standard.processor.StandardAssertTagProcessor
[THYMELEAF]             * [* {th:remove}] [1600]: org.thymeleaf.standard.processor.StandardRemoveTagProcessor
[THYMELEAF]             * [{th:block} *] [100000]: org.thymeleaf.standard.processor.StandardBlockTagProcessor
[THYMELEAF]             * [* 100000] [org.thymeleaf.standard.processor.StandardBlockTagProcessor]: {}
[THYMELEAF]         * Text Processors by [precedence]:
[THYMELEAF]             * [1000]: org.thymeleaf.standard.processor.StandardInliningTextProcessor
[THYMELEAF]     * Expression Objects:
[THYMELEAF]         * #ctx
[THYMELEAF]         * #root
[THYMELEAF]         * #vars
[THYMELEAF]         * #object
[THYMELEAF]         * #locale
[THYMELEAF]         * #request
[THYMELEAF]         * #response
[THYMELEAF]         * #session
[THYMELEAF]         * #servletContext
[THYMELEAF]         * #conversions
[THYMELEAF]         * #uris
[THYMELEAF]         * #calendars
[THYMELEAF]         * #dates
[THYMELEAF]         * #bools
[THYMELEAF]         * #numbers
[THYMELEAF]         * #objects
[THYMELEAF]         * #strings
[THYMELEAF]         * #arrays
[THYMELEAF]         * #lists
[THYMELEAF]         * #sets
[THYMELEAF]         * #maps
[THYMELEAF]         * #aggregates
[THYMELEAF]         * #messages
[THYMELEAF]         * #ids
[THYMELEAF]         * #execInfo
[THYMELEAF]         * #httpServletRequest
[THYMELEAF]         * #httpSession
[THYMELEAF]     * Execution Attributes:
[THYMELEAF]         * "StandardExpressionParser": com.intuit.karate.template.KarateStandardDialect@1da5c19d
[THYMELEAF]         * "StandardJavaScriptSerializer": org.thymeleaf.standard.serializer.StandardJavaScriptSerializer@3c87e851
[THYMELEAF]         * "StandardCSSSerializer": org.thymeleaf.standard.serializer.StandardCSSSerializer@54556723
[THYMELEAF]         * "StandardVariableExpressionEvaluator": com.intuit.karate.template.KarateStandardDialect@1da5c19d
[THYMELEAF]         * "StandardConversionService": org.thymeleaf.standard.expression.StandardConversionService@6124dda2
[THYMELEAF] * Dialect [2 of 2]: karate (com.intuit.karate.template.KarateScriptDialect)
[THYMELEAF]     * Prefix: "ka"
[THYMELEAF]     * Processors for Template Mode: HTML
[THYMELEAF]         * Element Tag Processors by [matching element and attribute name] [precedence]:
[THYMELEAF]             * [* {src}] [1000]: com.intuit.karate.template.KaScriptAttrProcessor
[THYMELEAF]         * Element Model Processors by [matching element and attribute name] [precedence]:
[THYMELEAF]             * [{script} {ka:scope,data-ka-scope}] [1000]: com.intuit.karate.template.KaScriptElemProcessor
[THYMELEAF]             * [* {ka:set,data-ka-set}] [1000]: com.intuit.karate.template.KaSetElemProcessor
[THYMELEAF] TEMPLATE ENGINE CONFIGURED OK
03:46:20.004 [main] DEBUG org.thymeleaf.TemplateEngine - [THYMELEAF] TEMPLATE ENGINE INITIALIZED

HTML report: (paste into browser to view) | Karate version: 1.4.0
file:///C:/Users/javie/Desktop/Reto-Automatizacion/backend-tests/target/karate-reports/karate-summary.html
===================================================================

]]></system-out>
  </testcase>
</testsuite>